2018.05.22 08:50:26 INFO  es[][o.e.n.Node] initializing ...
2018.05.22 08:50:26 INFO  es[][o.e.e.NodeEnvironment] using [1] data paths, mounts [[/ (/dev/sda4)]], net usable_space [153.3gb], net total_space [183.2gb], spins? [possibly], types [ext4]
2018.05.22 08:50:26 INFO  es[][o.e.e.NodeEnvironment] heap size [494.9mb], compressed ordinary object pointers [true]
2018.05.22 08:50:26 INFO  es[][o.e.n.Node] node name [sonarqube], node ID [zjL32jxFR-m-5nJxV9YcyA]
2018.05.22 08:50:26 INFO  es[][o.e.n.Node] version[5.6.3], pid[20228], build[1a2f265/2017-10-06T20:33:39.012Z], OS[Linux/4.4.0-116-generic/amd64], JVM[Oracle Corporation/Java HotSpot(TM) 64-Bit Server VM/1.8.0_151/25.151-b12]
2018.05.22 08:50:26 INFO  es[][o.e.n.Node] JVM arguments [-XX:+UseConcMarkSweepGC, -XX:CMSInitiatingOccupancyFraction=75, -XX:+UseCMSInitiatingOccupancyOnly, -XX:+AlwaysPreTouch, -Xss1m, -Djava.awt.headless=true, -Dfile.encoding=UTF-8, -Djna.nosys=true, -Djdk.io.permissionsUseCanonicalPath=true, -Dio.netty.noUnsafe=true, -Dio.netty.noKeySetOptimization=true, -Dio.netty.recycler.maxCapacityPerThread=0, -Dlog4j.shutdownHookEnabled=false, -Dlog4j2.disable.jmx=true, -Dlog4j.skipJansi=true, -Xms512m, -Xmx512m, -XX:+HeapDumpOnOutOfMemoryError, -Des.path.home=/home/ufscar/Downloads/sonarqube-6.7.3/elasticsearch]
2018.05.22 08:50:26 INFO  es[][o.e.p.PluginsService] loaded module [aggs-matrix-stats]
2018.05.22 08:50:26 INFO  es[][o.e.p.PluginsService] loaded module [ingest-common]
2018.05.22 08:50:26 INFO  es[][o.e.p.PluginsService] loaded module [parent-join]
2018.05.22 08:50:26 INFO  es[][o.e.p.PluginsService] loaded module [percolator]
2018.05.22 08:50:26 INFO  es[][o.e.p.PluginsService] loaded module [reindex]
2018.05.22 08:50:26 INFO  es[][o.e.p.PluginsService] loaded module [transport-netty4]
2018.05.22 08:50:26 INFO  es[][o.e.p.PluginsService] no plugins loaded
2018.05.22 08:50:27 INFO  es[][o.e.d.DiscoveryModule] using discovery type [zen]
2018.05.22 08:50:28 INFO  es[][o.e.n.Node] initialized
2018.05.22 08:50:28 INFO  es[][o.e.n.Node] starting ...
2018.05.22 08:50:28 INFO  es[][o.e.t.TransportService] publish_address {127.0.0.1:9001}, bound_addresses {127.0.0.1:9001}
2018.05.22 08:50:28 WARN  es[][o.e.b.BootstrapChecks] max virtual memory areas vm.max_map_count [65530] is too low, increase to at least [262144]
2018.05.22 08:50:31 INFO  es[][o.e.c.s.ClusterService] new_master {sonarqube}{zjL32jxFR-m-5nJxV9YcyA}{YTTiCsG8QGK7a9Ekc4jynw}{127.0.0.1}{127.0.0.1:9001}{rack_id=sonarqube}, reason: zen-disco-elected-as-master ([0] nodes joined)
2018.05.22 08:50:31 INFO  es[][o.e.n.Node] started
2018.05.22 08:50:31 INFO  es[][o.e.g.GatewayService] recovered [0] indices into cluster_state
2018.05.22 08:50:37 INFO  es[][o.e.c.m.MetaDataCreateIndexService] [metadatas] creating index, cause [api], templates [], shards [1]/[0], mappings []
2018.05.22 08:50:37 INFO  es[][o.e.c.r.a.AllocationService] Cluster health status changed from [YELLOW] to [GREEN] (reason: [shards started [[metadatas][0]] ...]).
2018.05.22 08:50:37 INFO  es[][o.e.c.m.MetaDataMappingService] [metadatas/wu_WuyZxT0yy3PRibIOPsw] create_mapping [metadata]
2018.05.22 08:50:38 INFO  es[][o.e.c.m.MetaDataCreateIndexService] [components] creating index, cause [api], templates [], shards [5]/[0], mappings []
2018.05.22 08:50:38 INFO  es[][o.e.c.r.a.AllocationService] Cluster health status changed from [YELLOW] to [GREEN] (reason: [shards started [[components][4]] ...]).
2018.05.22 08:50:39 INFO  es[][o.e.c.m.MetaDataMappingService] [components/WaSuYvUfSpmiEpM0XgwLXw] create_mapping [component]
2018.05.22 08:50:39 INFO  es[][o.e.c.m.MetaDataMappingService] [components/WaSuYvUfSpmiEpM0XgwLXw] create_mapping [authorization]
2018.05.22 08:50:39 INFO  es[][o.e.c.m.MetaDataCreateIndexService] [tests] creating index, cause [api], templates [], shards [5]/[0], mappings []
2018.05.22 08:50:40 INFO  es[][o.e.c.r.a.AllocationService] Cluster health status changed from [YELLOW] to [GREEN] (reason: [shards started [[tests][4]] ...]).
2018.05.22 08:50:40 INFO  es[][o.e.c.m.MetaDataMappingService] [tests/eNvHHtWkSaS0JhUsDDAGfQ] create_mapping [test]
2018.05.22 08:50:40 INFO  es[][o.e.c.m.MetaDataCreateIndexService] [projectmeasures] creating index, cause [api], templates [], shards [5]/[0], mappings []
2018.05.22 08:50:41 INFO  es[][o.e.c.r.a.AllocationService] Cluster health status changed from [YELLOW] to [GREEN] (reason: [shards started [[projectmeasures][4]] ...]).
2018.05.22 08:50:41 INFO  es[][o.e.c.m.MetaDataMappingService] [projectmeasures/K4ptuxoTTu6gdzlbOGjZdw] create_mapping [projectmeasure]
2018.05.22 08:50:41 INFO  es[][o.e.c.m.MetaDataMappingService] [projectmeasures/K4ptuxoTTu6gdzlbOGjZdw] create_mapping [authorization]
2018.05.22 08:50:41 INFO  es[][o.e.c.m.MetaDataCreateIndexService] [rules] creating index, cause [api], templates [], shards [2]/[0], mappings []
2018.05.22 08:50:42 INFO  es[][o.e.c.r.a.AllocationService] Cluster health status changed from [YELLOW] to [GREEN] (reason: [shards started [[rules][0]] ...]).
2018.05.22 08:50:42 INFO  es[][o.e.c.m.MetaDataMappingService] [rules/PRmd5_dqTwSv4LAUtvPh3w] create_mapping [activeRule]
2018.05.22 08:50:42 INFO  es[][o.e.c.m.MetaDataMappingService] [rules/PRmd5_dqTwSv4LAUtvPh3w] create_mapping [ruleExtension]
2018.05.22 08:50:42 INFO  es[][o.e.c.m.MetaDataMappingService] [rules/PRmd5_dqTwSv4LAUtvPh3w] create_mapping [rule]
2018.05.22 08:50:42 INFO  es[][o.e.c.m.MetaDataCreateIndexService] [issues] creating index, cause [api], templates [], shards [5]/[0], mappings []
2018.05.22 08:50:43 INFO  es[][o.e.c.r.a.AllocationService] Cluster health status changed from [YELLOW] to [GREEN] (reason: [shards started [[issues][4]] ...]).
2018.05.22 08:50:43 INFO  es[][o.e.c.m.MetaDataMappingService] [issues/CitJ2ObwQXiqJvPj08KhdA] create_mapping [issue]
2018.05.22 08:50:43 INFO  es[][o.e.c.m.MetaDataMappingService] [issues/CitJ2ObwQXiqJvPj08KhdA] create_mapping [authorization]
2018.05.22 08:50:43 INFO  es[][o.e.c.m.MetaDataCreateIndexService] [users] creating index, cause [api], templates [], shards [1]/[0], mappings []
2018.05.22 08:50:43 INFO  es[][o.e.c.r.a.AllocationService] Cluster health status changed from [YELLOW] to [GREEN] (reason: [shards started [[users][0]] ...]).
2018.05.22 08:50:43 INFO  es[][o.e.c.m.MetaDataMappingService] [users/gOxAmKnfTay0muls2HOg3Q] create_mapping [user]
2018.05.22 08:50:44 INFO  es[][o.e.c.m.MetaDataCreateIndexService] [views] creating index, cause [api], templates [], shards [5]/[0], mappings []
2018.05.22 08:50:44 INFO  es[][o.e.c.r.a.AllocationService] Cluster health status changed from [YELLOW] to [GREEN] (reason: [shards started [[views][4]] ...]).
2018.05.22 08:50:44 INFO  es[][o.e.c.m.MetaDataMappingService] [views/JZyetyBpTQGkGwmKDFf_IA] create_mapping [view]
2018.05.22 08:51:00 INFO  es[][o.e.c.s.IndexScopedSettings] updating [index.refresh_interval] from [30s] to [-1]
2018.05.22 08:51:00 INFO  es[][o.e.c.s.IndexScopedSettings] updating [index.refresh_interval] from [30s] to [-1]
2018.05.22 08:51:01 INFO  es[][o.e.c.s.IndexScopedSettings] updating [index.refresh_interval] from [-1] to [30s]
2018.05.22 08:51:01 INFO  es[][o.e.c.s.IndexScopedSettings] updating [index.refresh_interval] from [-1] to [30s]
2018.05.22 08:51:01 INFO  es[][o.e.c.s.IndexScopedSettings] updating [index.refresh_interval] from [30s] to [-1]
2018.05.22 08:51:01 INFO  es[][o.e.c.s.IndexScopedSettings] updating [index.refresh_interval] from [30s] to [-1]
2018.05.22 08:51:01 INFO  es[][o.e.c.s.IndexScopedSettings] updating [index.refresh_interval] from [-1] to [30s]
2018.05.22 08:51:01 INFO  es[][o.e.c.s.IndexScopedSettings] updating [index.refresh_interval] from [-1] to [30s]
2018.05.22 09:49:33 WARN  es[][o.e.e.NodeEnvironment] lock assertion failed
java.nio.file.NoSuchFileException: /home/ufscar/Downloads/sonarqube-6.7.3/data/es5/nodes/0/node.lock
	at sun.nio.fs.UnixException.translateToIOException(UnixException.java:86) ~[?:?]
	at sun.nio.fs.UnixException.rethrowAsIOException(UnixException.java:102) ~[?:?]
	at sun.nio.fs.UnixException.rethrowAsIOException(UnixException.java:107) ~[?:?]
	at sun.nio.fs.UnixFileAttributeViews$Basic.readAttributes(UnixFileAttributeViews.java:55) ~[?:?]
	at sun.nio.fs.UnixFileSystemProvider.readAttributes(UnixFileSystemProvider.java:144) ~[?:?]
	at sun.nio.fs.LinuxFileSystemProvider.readAttributes(LinuxFileSystemProvider.java:99) ~[?:?]
	at java.nio.file.Files.readAttributes(Files.java:1737) ~[?:1.8.0_151]
	at org.apache.lucene.store.NativeFSLockFactory$NativeFSLock.ensureValid(NativeFSLockFactory.java:177) ~[lucene-core-6.6.1.jar:6.6.1 9aa465a89b64ff2dabe7b4d50c472de32c298683 - varunthacker - 2017-08-29 21:54:39]
	at org.elasticsearch.env.NodeEnvironment.assertEnvIsLocked(NodeEnvironment.java:941) [elasticsearch-5.6.3.jar:5.6.3]
	at org.elasticsearch.env.NodeEnvironment.nodePaths(NodeEnvironment.java:766) [elasticsearch-5.6.3.jar:5.6.3]
	at org.elasticsearch.monitor.fs.FsProbe.stats(FsProbe.java:55) [elasticsearch-5.6.3.jar:5.6.3]
	at org.elasticsearch.monitor.fs.FsService.stats(FsService.java:60) [elasticsearch-5.6.3.jar:5.6.3]
	at org.elasticsearch.monitor.fs.FsService.access$200(FsService.java:33) [elasticsearch-5.6.3.jar:5.6.3]
	at org.elasticsearch.monitor.fs.FsService$FsInfoCache.refresh(FsService.java:78) [elasticsearch-5.6.3.jar:5.6.3]
	at org.elasticsearch.monitor.fs.FsService$FsInfoCache.refresh(FsService.java:67) [elasticsearch-5.6.3.jar:5.6.3]
	at org.elasticsearch.common.util.SingleObjectCache.getOrRefresh(SingleObjectCache.java:54) [elasticsearch-5.6.3.jar:5.6.3]
	at org.elasticsearch.monitor.fs.FsService.stats(FsService.java:55) [elasticsearch-5.6.3.jar:5.6.3]
	at org.elasticsearch.node.NodeService.stats(NodeService.java:110) [elasticsearch-5.6.3.jar:5.6.3]
	at org.elasticsearch.action.admin.cluster.node.stats.TransportNodesStatsAction.nodeOperation(TransportNodesStatsAction.java:77) [elasticsearch-5.6.3.jar:5.6.3]
	at org.elasticsearch.action.admin.cluster.node.stats.TransportNodesStatsAction.nodeOperation(TransportNodesStatsAction.java:42) [elasticsearch-5.6.3.jar:5.6.3]
	at org.elasticsearch.action.support.nodes.TransportNodesAction.nodeOperation(TransportNodesAction.java:140) [elasticsearch-5.6.3.jar:5.6.3]
	at org.elasticsearch.action.support.nodes.TransportNodesAction$NodeTransportHandler.messageReceived(TransportNodesAction.java:262) [elasticsearch-5.6.3.jar:5.6.3]
	at org.elasticsearch.action.support.nodes.TransportNodesAction$NodeTransportHandler.messageReceived(TransportNodesAction.java:258) [elasticsearch-5.6.3.jar:5.6.3]
	at org.elasticsearch.transport.RequestHandlerRegistry.processMessageReceived(RequestHandlerRegistry.java:69) [elasticsearch-5.6.3.jar:5.6.3]
	at org.elasticsearch.transport.TransportService$7.doRun(TransportService.java:644) [elasticsearch-5.6.3.jar:5.6.3]
	at org.elasticsearch.common.util.concurrent.ThreadContext$ContextPreservingAbstractRunnable.doRun(ThreadContext.java:638) [elasticsearch-5.6.3.jar:5.6.3]
	at org.elasticsearch.common.util.concurrent.AbstractRunnable.run(AbstractRunnable.java:37) [elasticsearch-5.6.3.jar:5.6.3]
	at java.util.concurrent.ThreadPoolExecutor.runWorker(ThreadPoolExecutor.java:1149) [?:1.8.0_151]
	at java.util.concurrent.ThreadPoolExecutor$Worker.run(ThreadPoolExecutor.java:624) [?:1.8.0_151]
	at java.lang.Thread.run(Thread.java:748) [?:1.8.0_151]
2018.05.22 09:50:04 WARN  es[][o.e.e.NodeEnvironment] lock assertion failed
java.nio.file.NoSuchFileException: /home/ufscar/Downloads/sonarqube-6.7.3/data/es5/nodes/0/node.lock
	at sun.nio.fs.UnixException.translateToIOException(UnixException.java:86) ~[?:?]
	at sun.nio.fs.UnixException.rethrowAsIOException(UnixException.java:102) ~[?:?]
	at sun.nio.fs.UnixException.rethrowAsIOException(UnixException.java:107) ~[?:?]
	at sun.nio.fs.UnixFileAttributeViews$Basic.readAttributes(UnixFileAttributeViews.java:55) ~[?:?]
	at sun.nio.fs.UnixFileSystemProvider.readAttributes(UnixFileSystemProvider.java:144) ~[?:?]
	at sun.nio.fs.LinuxFileSystemProvider.readAttributes(LinuxFileSystemProvider.java:99) ~[?:?]
	at java.nio.file.Files.readAttributes(Files.java:1737) ~[?:1.8.0_151]
	at org.apache.lucene.store.NativeFSLockFactory$NativeFSLock.ensureValid(NativeFSLockFactory.java:177) ~[lucene-core-6.6.1.jar:6.6.1 9aa465a89b64ff2dabe7b4d50c472de32c298683 - varunthacker - 2017-08-29 21:54:39]
	at org.elasticsearch.env.NodeEnvironment.assertEnvIsLocked(NodeEnvironment.java:941) [elasticsearch-5.6.3.jar:5.6.3]
	at org.elasticsearch.env.NodeEnvironment.nodePaths(NodeEnvironment.java:766) [elasticsearch-5.6.3.jar:5.6.3]
	at org.elasticsearch.monitor.fs.FsProbe.stats(FsProbe.java:55) [elasticsearch-5.6.3.jar:5.6.3]
	at org.elasticsearch.monitor.fs.FsService.stats(FsService.java:60) [elasticsearch-5.6.3.jar:5.6.3]
	at org.elasticsearch.monitor.fs.FsService.access$200(FsService.java:33) [elasticsearch-5.6.3.jar:5.6.3]
	at org.elasticsearch.monitor.fs.FsService$FsInfoCache.refresh(FsService.java:78) [elasticsearch-5.6.3.jar:5.6.3]
	at org.elasticsearch.monitor.fs.FsService$FsInfoCache.refresh(FsService.java:67) [elasticsearch-5.6.3.jar:5.6.3]
	at org.elasticsearch.common.util.SingleObjectCache.getOrRefresh(SingleObjectCache.java:54) [elasticsearch-5.6.3.jar:5.6.3]
	at org.elasticsearch.monitor.fs.FsService.stats(FsService.java:55) [elasticsearch-5.6.3.jar:5.6.3]
	at org.elasticsearch.node.NodeService.stats(NodeService.java:110) [elasticsearch-5.6.3.jar:5.6.3]
	at org.elasticsearch.action.admin.cluster.node.stats.TransportNodesStatsAction.nodeOperation(TransportNodesStatsAction.java:77) [elasticsearch-5.6.3.jar:5.6.3]
	at org.elasticsearch.action.admin.cluster.node.stats.TransportNodesStatsAction.nodeOperation(TransportNodesStatsAction.java:42) [elasticsearch-5.6.3.jar:5.6.3]
	at org.elasticsearch.action.support.nodes.TransportNodesAction.nodeOperation(TransportNodesAction.java:140) [elasticsearch-5.6.3.jar:5.6.3]
	at org.elasticsearch.action.support.nodes.TransportNodesAction$NodeTransportHandler.messageReceived(TransportNodesAction.java:262) [elasticsearch-5.6.3.jar:5.6.3]
	at org.elasticsearch.action.support.nodes.TransportNodesAction$NodeTransportHandler.messageReceived(TransportNodesAction.java:258) [elasticsearch-5.6.3.jar:5.6.3]
	at org.elasticsearch.transport.RequestHandlerRegistry.processMessageReceived(RequestHandlerRegistry.java:69) [elasticsearch-5.6.3.jar:5.6.3]
	at org.elasticsearch.transport.TransportService$7.doRun(TransportService.java:644) [elasticsearch-5.6.3.jar:5.6.3]
	at org.elasticsearch.common.util.concurrent.ThreadContext$ContextPreservingAbstractRunnable.doRun(ThreadContext.java:638) [elasticsearch-5.6.3.jar:5.6.3]
	at org.elasticsearch.common.util.concurrent.AbstractRunnable.run(AbstractRunnable.java:37) [elasticsearch-5.6.3.jar:5.6.3]
	at java.util.concurrent.ThreadPoolExecutor.runWorker(ThreadPoolExecutor.java:1149) [?:1.8.0_151]
	at java.util.concurrent.ThreadPoolExecutor$Worker.run(ThreadPoolExecutor.java:624) [?:1.8.0_151]
	at java.lang.Thread.run(Thread.java:748) [?:1.8.0_151]
2018.05.22 09:50:34 WARN  es[][o.e.e.NodeEnvironment] lock assertion failed
java.nio.file.NoSuchFileException: /home/ufscar/Downloads/sonarqube-6.7.3/data/es5/nodes/0/node.lock
	at sun.nio.fs.UnixException.translateToIOException(UnixException.java:86) ~[?:?]
	at sun.nio.fs.UnixException.rethrowAsIOException(UnixException.java:102) ~[?:?]
	at sun.nio.fs.UnixException.rethrowAsIOException(UnixException.java:107) ~[?:?]
	at sun.nio.fs.UnixFileAttributeViews$Basic.readAttributes(UnixFileAttributeViews.java:55) ~[?:?]
	at sun.nio.fs.UnixFileSystemProvider.readAttributes(UnixFileSystemProvider.java:144) ~[?:?]
	at sun.nio.fs.LinuxFileSystemProvider.readAttributes(LinuxFileSystemProvider.java:99) ~[?:?]
	at java.nio.file.Files.readAttributes(Files.java:1737) ~[?:1.8.0_151]
	at org.apache.lucene.store.NativeFSLockFactory$NativeFSLock.ensureValid(NativeFSLockFactory.java:177) ~[lucene-core-6.6.1.jar:6.6.1 9aa465a89b64ff2dabe7b4d50c472de32c298683 - varunthacker - 2017-08-29 21:54:39]
	at org.elasticsearch.env.NodeEnvironment.assertEnvIsLocked(NodeEnvironment.java:941) [elasticsearch-5.6.3.jar:5.6.3]
	at org.elasticsearch.env.NodeEnvironment.nodePaths(NodeEnvironment.java:766) [elasticsearch-5.6.3.jar:5.6.3]
	at org.elasticsearch.monitor.fs.FsProbe.stats(FsProbe.java:55) [elasticsearch-5.6.3.jar:5.6.3]
	at org.elasticsearch.monitor.fs.FsService.stats(FsService.java:60) [elasticsearch-5.6.3.jar:5.6.3]
	at org.elasticsearch.monitor.fs.FsService.access$200(FsService.java:33) [elasticsearch-5.6.3.jar:5.6.3]
	at org.elasticsearch.monitor.fs.FsService$FsInfoCache.refresh(FsService.java:78) [elasticsearch-5.6.3.jar:5.6.3]
	at org.elasticsearch.monitor.fs.FsService$FsInfoCache.refresh(FsService.java:67) [elasticsearch-5.6.3.jar:5.6.3]
	at org.elasticsearch.common.util.SingleObjectCache.getOrRefresh(SingleObjectCache.java:54) [elasticsearch-5.6.3.jar:5.6.3]
	at org.elasticsearch.monitor.fs.FsService.stats(FsService.java:55) [elasticsearch-5.6.3.jar:5.6.3]
	at org.elasticsearch.node.NodeService.stats(NodeService.java:110) [elasticsearch-5.6.3.jar:5.6.3]
	at org.elasticsearch.action.admin.cluster.node.stats.TransportNodesStatsAction.nodeOperation(TransportNodesStatsAction.java:77) [elasticsearch-5.6.3.jar:5.6.3]
	at org.elasticsearch.action.admin.cluster.node.stats.TransportNodesStatsAction.nodeOperation(TransportNodesStatsAction.java:42) [elasticsearch-5.6.3.jar:5.6.3]
	at org.elasticsearch.action.support.nodes.TransportNodesAction.nodeOperation(TransportNodesAction.java:140) [elasticsearch-5.6.3.jar:5.6.3]
	at org.elasticsearch.action.support.nodes.TransportNodesAction$NodeTransportHandler.messageReceived(TransportNodesAction.java:262) [elasticsearch-5.6.3.jar:5.6.3]
	at org.elasticsearch.action.support.nodes.TransportNodesAction$NodeTransportHandler.messageReceived(TransportNodesAction.java:258) [elasticsearch-5.6.3.jar:5.6.3]
	at org.elasticsearch.transport.RequestHandlerRegistry.processMessageReceived(RequestHandlerRegistry.java:69) [elasticsearch-5.6.3.jar:5.6.3]
	at org.elasticsearch.transport.TransportService$7.doRun(TransportService.java:644) [elasticsearch-5.6.3.jar:5.6.3]
	at org.elasticsearch.common.util.concurrent.ThreadContext$ContextPreservingAbstractRunnable.doRun(ThreadContext.java:638) [elasticsearch-5.6.3.jar:5.6.3]
	at org.elasticsearch.common.util.concurrent.AbstractRunnable.run(AbstractRunnable.java:37) [elasticsearch-5.6.3.jar:5.6.3]
	at java.util.concurrent.ThreadPoolExecutor.runWorker(ThreadPoolExecutor.java:1149) [?:1.8.0_151]
	at java.util.concurrent.ThreadPoolExecutor$Worker.run(ThreadPoolExecutor.java:624) [?:1.8.0_151]
	at java.lang.Thread.run(Thread.java:748) [?:1.8.0_151]
2018.05.22 09:51:04 WARN  es[][o.e.e.NodeEnvironment] lock assertion failed
java.nio.file.NoSuchFileException: /home/ufscar/Downloads/sonarqube-6.7.3/data/es5/nodes/0/node.lock
	at sun.nio.fs.UnixException.translateToIOException(UnixException.java:86) ~[?:?]
	at sun.nio.fs.UnixException.rethrowAsIOException(UnixException.java:102) ~[?:?]
	at sun.nio.fs.UnixException.rethrowAsIOException(UnixException.java:107) ~[?:?]
	at sun.nio.fs.UnixFileAttributeViews$Basic.readAttributes(UnixFileAttributeViews.java:55) ~[?:?]
	at sun.nio.fs.UnixFileSystemProvider.readAttributes(UnixFileSystemProvider.java:144) ~[?:?]
	at sun.nio.fs.LinuxFileSystemProvider.readAttributes(LinuxFileSystemProvider.java:99) ~[?:?]
	at java.nio.file.Files.readAttributes(Files.java:1737) ~[?:1.8.0_151]
	at org.apache.lucene.store.NativeFSLockFactory$NativeFSLock.ensureValid(NativeFSLockFactory.java:177) ~[lucene-core-6.6.1.jar:6.6.1 9aa465a89b64ff2dabe7b4d50c472de32c298683 - varunthacker - 2017-08-29 21:54:39]
	at org.elasticsearch.env.NodeEnvironment.assertEnvIsLocked(NodeEnvironment.java:941) [elasticsearch-5.6.3.jar:5.6.3]
	at org.elasticsearch.env.NodeEnvironment.nodePaths(NodeEnvironment.java:766) [elasticsearch-5.6.3.jar:5.6.3]
	at org.elasticsearch.monitor.fs.FsProbe.stats(FsProbe.java:55) [elasticsearch-5.6.3.jar:5.6.3]
	at org.elasticsearch.monitor.fs.FsService.stats(FsService.java:60) [elasticsearch-5.6.3.jar:5.6.3]
	at org.elasticsearch.monitor.fs.FsService.access$200(FsService.java:33) [elasticsearch-5.6.3.jar:5.6.3]
	at org.elasticsearch.monitor.fs.FsService$FsInfoCache.refresh(FsService.java:78) [elasticsearch-5.6.3.jar:5.6.3]
	at org.elasticsearch.monitor.fs.FsService$FsInfoCache.refresh(FsService.java:67) [elasticsearch-5.6.3.jar:5.6.3]
	at org.elasticsearch.common.util.SingleObjectCache.getOrRefresh(SingleObjectCache.java:54) [elasticsearch-5.6.3.jar:5.6.3]
	at org.elasticsearch.monitor.fs.FsService.stats(FsService.java:55) [elasticsearch-5.6.3.jar:5.6.3]
	at org.elasticsearch.node.NodeService.stats(NodeService.java:110) [elasticsearch-5.6.3.jar:5.6.3]
	at org.elasticsearch.action.admin.cluster.node.stats.TransportNodesStatsAction.nodeOperation(TransportNodesStatsAction.java:77) [elasticsearch-5.6.3.jar:5.6.3]
	at org.elasticsearch.action.admin.cluster.node.stats.TransportNodesStatsAction.nodeOperation(TransportNodesStatsAction.java:42) [elasticsearch-5.6.3.jar:5.6.3]
	at org.elasticsearch.action.support.nodes.TransportNodesAction.nodeOperation(TransportNodesAction.java:140) [elasticsearch-5.6.3.jar:5.6.3]
	at org.elasticsearch.action.support.nodes.TransportNodesAction$NodeTransportHandler.messageReceived(TransportNodesAction.java:262) [elasticsearch-5.6.3.jar:5.6.3]
	at org.elasticsearch.action.support.nodes.TransportNodesAction$NodeTransportHandler.messageReceived(TransportNodesAction.java:258) [elasticsearch-5.6.3.jar:5.6.3]
	at org.elasticsearch.transport.RequestHandlerRegistry.processMessageReceived(RequestHandlerRegistry.java:69) [elasticsearch-5.6.3.jar:5.6.3]
	at org.elasticsearch.transport.TransportService$7.doRun(TransportService.java:644) [elasticsearch-5.6.3.jar:5.6.3]
	at org.elasticsearch.common.util.concurrent.ThreadContext$ContextPreservingAbstractRunnable.doRun(ThreadContext.java:638) [elasticsearch-5.6.3.jar:5.6.3]
	at org.elasticsearch.common.util.concurrent.AbstractRunnable.run(AbstractRunnable.java:37) [elasticsearch-5.6.3.jar:5.6.3]
	at java.util.concurrent.ThreadPoolExecutor.runWorker(ThreadPoolExecutor.java:1149) [?:1.8.0_151]
	at java.util.concurrent.ThreadPoolExecutor$Worker.run(ThreadPoolExecutor.java:624) [?:1.8.0_151]
	at java.lang.Thread.run(Thread.java:748) [?:1.8.0_151]
2018.05.22 09:51:34 WARN  es[][o.e.e.NodeEnvironment] lock assertion failed
java.nio.file.NoSuchFileException: /home/ufscar/Downloads/sonarqube-6.7.3/data/es5/nodes/0/node.lock
	at sun.nio.fs.UnixException.translateToIOException(UnixException.java:86) ~[?:?]
	at sun.nio.fs.UnixException.rethrowAsIOException(UnixException.java:102) ~[?:?]
	at sun.nio.fs.UnixException.rethrowAsIOException(UnixException.java:107) ~[?:?]
	at sun.nio.fs.UnixFileAttributeViews$Basic.readAttributes(UnixFileAttributeViews.java:55) ~[?:?]
	at sun.nio.fs.UnixFileSystemProvider.readAttributes(UnixFileSystemProvider.java:144) ~[?:?]
	at sun.nio.fs.LinuxFileSystemProvider.readAttributes(LinuxFileSystemProvider.java:99) ~[?:?]
	at java.nio.file.Files.readAttributes(Files.java:1737) ~[?:1.8.0_151]
	at org.apache.lucene.store.NativeFSLockFactory$NativeFSLock.ensureValid(NativeFSLockFactory.java:177) ~[lucene-core-6.6.1.jar:6.6.1 9aa465a89b64ff2dabe7b4d50c472de32c298683 - varunthacker - 2017-08-29 21:54:39]
	at org.elasticsearch.env.NodeEnvironment.assertEnvIsLocked(NodeEnvironment.java:941) [elasticsearch-5.6.3.jar:5.6.3]
	at org.elasticsearch.env.NodeEnvironment.nodePaths(NodeEnvironment.java:766) [elasticsearch-5.6.3.jar:5.6.3]
	at org.elasticsearch.monitor.fs.FsProbe.stats(FsProbe.java:55) [elasticsearch-5.6.3.jar:5.6.3]
	at org.elasticsearch.monitor.fs.FsService.stats(FsService.java:60) [elasticsearch-5.6.3.jar:5.6.3]
	at org.elasticsearch.monitor.fs.FsService.access$200(FsService.java:33) [elasticsearch-5.6.3.jar:5.6.3]
	at org.elasticsearch.monitor.fs.FsService$FsInfoCache.refresh(FsService.java:78) [elasticsearch-5.6.3.jar:5.6.3]
	at org.elasticsearch.monitor.fs.FsService$FsInfoCache.refresh(FsService.java:67) [elasticsearch-5.6.3.jar:5.6.3]
	at org.elasticsearch.common.util.SingleObjectCache.getOrRefresh(SingleObjectCache.java:54) [elasticsearch-5.6.3.jar:5.6.3]
	at org.elasticsearch.monitor.fs.FsService.stats(FsService.java:55) [elasticsearch-5.6.3.jar:5.6.3]
	at org.elasticsearch.node.NodeService.stats(NodeService.java:110) [elasticsearch-5.6.3.jar:5.6.3]
	at org.elasticsearch.action.admin.cluster.node.stats.TransportNodesStatsAction.nodeOperation(TransportNodesStatsAction.java:77) [elasticsearch-5.6.3.jar:5.6.3]
	at org.elasticsearch.action.admin.cluster.node.stats.TransportNodesStatsAction.nodeOperation(TransportNodesStatsAction.java:42) [elasticsearch-5.6.3.jar:5.6.3]
	at org.elasticsearch.action.support.nodes.TransportNodesAction.nodeOperation(TransportNodesAction.java:140) [elasticsearch-5.6.3.jar:5.6.3]
	at org.elasticsearch.action.support.nodes.TransportNodesAction$NodeTransportHandler.messageReceived(TransportNodesAction.java:262) [elasticsearch-5.6.3.jar:5.6.3]
	at org.elasticsearch.action.support.nodes.TransportNodesAction$NodeTransportHandler.messageReceived(TransportNodesAction.java:258) [elasticsearch-5.6.3.jar:5.6.3]
	at org.elasticsearch.transport.RequestHandlerRegistry.processMessageReceived(RequestHandlerRegistry.java:69) [elasticsearch-5.6.3.jar:5.6.3]
	at org.elasticsearch.transport.TransportService$7.doRun(TransportService.java:644) [elasticsearch-5.6.3.jar:5.6.3]
	at org.elasticsearch.common.util.concurrent.ThreadContext$ContextPreservingAbstractRunnable.doRun(ThreadContext.java:638) [elasticsearch-5.6.3.jar:5.6.3]
	at org.elasticsearch.common.util.concurrent.AbstractRunnable.run(AbstractRunnable.java:37) [elasticsearch-5.6.3.jar:5.6.3]
	at java.util.concurrent.ThreadPoolExecutor.runWorker(ThreadPoolExecutor.java:1149) [?:1.8.0_151]
	at java.util.concurrent.ThreadPoolExecutor$Worker.run(ThreadPoolExecutor.java:624) [?:1.8.0_151]
	at java.lang.Thread.run(Thread.java:748) [?:1.8.0_151]
2018.05.22 09:52:04 WARN  es[][o.e.e.NodeEnvironment] lock assertion failed
java.nio.file.NoSuchFileException: /home/ufscar/Downloads/sonarqube-6.7.3/data/es5/nodes/0/node.lock
	at sun.nio.fs.UnixException.translateToIOException(UnixException.java:86) ~[?:?]
	at sun.nio.fs.UnixException.rethrowAsIOException(UnixException.java:102) ~[?:?]
	at sun.nio.fs.UnixException.rethrowAsIOException(UnixException.java:107) ~[?:?]
	at sun.nio.fs.UnixFileAttributeViews$Basic.readAttributes(UnixFileAttributeViews.java:55) ~[?:?]
	at sun.nio.fs.UnixFileSystemProvider.readAttributes(UnixFileSystemProvider.java:144) ~[?:?]
	at sun.nio.fs.LinuxFileSystemProvider.readAttributes(LinuxFileSystemProvider.java:99) ~[?:?]
	at java.nio.file.Files.readAttributes(Files.java:1737) ~[?:1.8.0_151]
	at org.apache.lucene.store.NativeFSLockFactory$NativeFSLock.ensureValid(NativeFSLockFactory.java:177) ~[lucene-core-6.6.1.jar:6.6.1 9aa465a89b64ff2dabe7b4d50c472de32c298683 - varunthacker - 2017-08-29 21:54:39]
	at org.elasticsearch.env.NodeEnvironment.assertEnvIsLocked(NodeEnvironment.java:941) [elasticsearch-5.6.3.jar:5.6.3]
	at org.elasticsearch.env.NodeEnvironment.nodePaths(NodeEnvironment.java:766) [elasticsearch-5.6.3.jar:5.6.3]
	at org.elasticsearch.monitor.fs.FsProbe.stats(FsProbe.java:55) [elasticsearch-5.6.3.jar:5.6.3]
	at org.elasticsearch.monitor.fs.FsService.stats(FsService.java:60) [elasticsearch-5.6.3.jar:5.6.3]
	at org.elasticsearch.monitor.fs.FsService.access$200(FsService.java:33) [elasticsearch-5.6.3.jar:5.6.3]
	at org.elasticsearch.monitor.fs.FsService$FsInfoCache.refresh(FsService.java:78) [elasticsearch-5.6.3.jar:5.6.3]
	at org.elasticsearch.monitor.fs.FsService$FsInfoCache.refresh(FsService.java:67) [elasticsearch-5.6.3.jar:5.6.3]
	at org.elasticsearch.common.util.SingleObjectCache.getOrRefresh(SingleObjectCache.java:54) [elasticsearch-5.6.3.jar:5.6.3]
	at org.elasticsearch.monitor.fs.FsService.stats(FsService.java:55) [elasticsearch-5.6.3.jar:5.6.3]
	at org.elasticsearch.node.NodeService.stats(NodeService.java:110) [elasticsearch-5.6.3.jar:5.6.3]
	at org.elasticsearch.action.admin.cluster.node.stats.TransportNodesStatsAction.nodeOperation(TransportNodesStatsAction.java:77) [elasticsearch-5.6.3.jar:5.6.3]
	at org.elasticsearch.action.admin.cluster.node.stats.TransportNodesStatsAction.nodeOperation(TransportNodesStatsAction.java:42) [elasticsearch-5.6.3.jar:5.6.3]
	at org.elasticsearch.action.support.nodes.TransportNodesAction.nodeOperation(TransportNodesAction.java:140) [elasticsearch-5.6.3.jar:5.6.3]
	at org.elasticsearch.action.support.nodes.TransportNodesAction$NodeTransportHandler.messageReceived(TransportNodesAction.java:262) [elasticsearch-5.6.3.jar:5.6.3]
	at org.elasticsearch.action.support.nodes.TransportNodesAction$NodeTransportHandler.messageReceived(TransportNodesAction.java:258) [elasticsearch-5.6.3.jar:5.6.3]
	at org.elasticsearch.transport.RequestHandlerRegistry.processMessageReceived(RequestHandlerRegistry.java:69) [elasticsearch-5.6.3.jar:5.6.3]
	at org.elasticsearch.transport.TransportService$7.doRun(TransportService.java:644) [elasticsearch-5.6.3.jar:5.6.3]
	at org.elasticsearch.common.util.concurrent.ThreadContext$ContextPreservingAbstractRunnable.doRun(ThreadContext.java:638) [elasticsearch-5.6.3.jar:5.6.3]
	at org.elasticsearch.common.util.concurrent.AbstractRunnable.run(AbstractRunnable.java:37) [elasticsearch-5.6.3.jar:5.6.3]
	at java.util.concurrent.ThreadPoolExecutor.runWorker(ThreadPoolExecutor.java:1149) [?:1.8.0_151]
	at java.util.concurrent.ThreadPoolExecutor$Worker.run(ThreadPoolExecutor.java:624) [?:1.8.0_151]
	at java.lang.Thread.run(Thread.java:748) [?:1.8.0_151]
2018.05.22 09:52:34 WARN  es[][o.e.e.NodeEnvironment] lock assertion failed
java.nio.file.NoSuchFileException: /home/ufscar/Downloads/sonarqube-6.7.3/data/es5/nodes/0/node.lock
	at sun.nio.fs.UnixException.translateToIOException(UnixException.java:86) ~[?:?]
	at sun.nio.fs.UnixException.rethrowAsIOException(UnixException.java:102) ~[?:?]
	at sun.nio.fs.UnixException.rethrowAsIOException(UnixException.java:107) ~[?:?]
	at sun.nio.fs.UnixFileAttributeViews$Basic.readAttributes(UnixFileAttributeViews.java:55) ~[?:?]
	at sun.nio.fs.UnixFileSystemProvider.readAttributes(UnixFileSystemProvider.java:144) ~[?:?]
	at sun.nio.fs.LinuxFileSystemProvider.readAttributes(LinuxFileSystemProvider.java:99) ~[?:?]
	at java.nio.file.Files.readAttributes(Files.java:1737) ~[?:1.8.0_151]
	at org.apache.lucene.store.NativeFSLockFactory$NativeFSLock.ensureValid(NativeFSLockFactory.java:177) ~[lucene-core-6.6.1.jar:6.6.1 9aa465a89b64ff2dabe7b4d50c472de32c298683 - varunthacker - 2017-08-29 21:54:39]
	at org.elasticsearch.env.NodeEnvironment.assertEnvIsLocked(NodeEnvironment.java:941) [elasticsearch-5.6.3.jar:5.6.3]
	at org.elasticsearch.env.NodeEnvironment.nodePaths(NodeEnvironment.java:766) [elasticsearch-5.6.3.jar:5.6.3]
	at org.elasticsearch.monitor.fs.FsProbe.stats(FsProbe.java:55) [elasticsearch-5.6.3.jar:5.6.3]
	at org.elasticsearch.monitor.fs.FsService.stats(FsService.java:60) [elasticsearch-5.6.3.jar:5.6.3]
	at org.elasticsearch.monitor.fs.FsService.access$200(FsService.java:33) [elasticsearch-5.6.3.jar:5.6.3]
	at org.elasticsearch.monitor.fs.FsService$FsInfoCache.refresh(FsService.java:78) [elasticsearch-5.6.3.jar:5.6.3]
	at org.elasticsearch.monitor.fs.FsService$FsInfoCache.refresh(FsService.java:67) [elasticsearch-5.6.3.jar:5.6.3]
	at org.elasticsearch.common.util.SingleObjectCache.getOrRefresh(SingleObjectCache.java:54) [elasticsearch-5.6.3.jar:5.6.3]
	at org.elasticsearch.monitor.fs.FsService.stats(FsService.java:55) [elasticsearch-5.6.3.jar:5.6.3]
	at org.elasticsearch.node.NodeService.stats(NodeService.java:110) [elasticsearch-5.6.3.jar:5.6.3]
	at org.elasticsearch.action.admin.cluster.node.stats.TransportNodesStatsAction.nodeOperation(TransportNodesStatsAction.java:77) [elasticsearch-5.6.3.jar:5.6.3]
	at org.elasticsearch.action.admin.cluster.node.stats.TransportNodesStatsAction.nodeOperation(TransportNodesStatsAction.java:42) [elasticsearch-5.6.3.jar:5.6.3]
	at org.elasticsearch.action.support.nodes.TransportNodesAction.nodeOperation(TransportNodesAction.java:140) [elasticsearch-5.6.3.jar:5.6.3]
	at org.elasticsearch.action.support.nodes.TransportNodesAction$NodeTransportHandler.messageReceived(TransportNodesAction.java:262) [elasticsearch-5.6.3.jar:5.6.3]
	at org.elasticsearch.action.support.nodes.TransportNodesAction$NodeTransportHandler.messageReceived(TransportNodesAction.java:258) [elasticsearch-5.6.3.jar:5.6.3]
	at org.elasticsearch.transport.RequestHandlerRegistry.processMessageReceived(RequestHandlerRegistry.java:69) [elasticsearch-5.6.3.jar:5.6.3]
	at org.elasticsearch.transport.TransportService$7.doRun(TransportService.java:644) [elasticsearch-5.6.3.jar:5.6.3]
	at org.elasticsearch.common.util.concurrent.ThreadContext$ContextPreservingAbstractRunnable.doRun(ThreadContext.java:638) [elasticsearch-5.6.3.jar:5.6.3]
	at org.elasticsearch.common.util.concurrent.AbstractRunnable.run(AbstractRunnable.java:37) [elasticsearch-5.6.3.jar:5.6.3]
	at java.util.concurrent.ThreadPoolExecutor.runWorker(ThreadPoolExecutor.java:1149) [?:1.8.0_151]
	at java.util.concurrent.ThreadPoolExecutor$Worker.run(ThreadPoolExecutor.java:624) [?:1.8.0_151]
	at java.lang.Thread.run(Thread.java:748) [?:1.8.0_151]
2018.05.22 09:53:04 WARN  es[][o.e.e.NodeEnvironment] lock assertion failed
java.nio.file.NoSuchFileException: /home/ufscar/Downloads/sonarqube-6.7.3/data/es5/nodes/0/node.lock
	at sun.nio.fs.UnixException.translateToIOException(UnixException.java:86) ~[?:?]
	at sun.nio.fs.UnixException.rethrowAsIOException(UnixException.java:102) ~[?:?]
	at sun.nio.fs.UnixException.rethrowAsIOException(UnixException.java:107) ~[?:?]
	at sun.nio.fs.UnixFileAttributeViews$Basic.readAttributes(UnixFileAttributeViews.java:55) ~[?:?]
	at sun.nio.fs.UnixFileSystemProvider.readAttributes(UnixFileSystemProvider.java:144) ~[?:?]
	at sun.nio.fs.LinuxFileSystemProvider.readAttributes(LinuxFileSystemProvider.java:99) ~[?:?]
	at java.nio.file.Files.readAttributes(Files.java:1737) ~[?:1.8.0_151]
	at org.apache.lucene.store.NativeFSLockFactory$NativeFSLock.ensureValid(NativeFSLockFactory.java:177) ~[lucene-core-6.6.1.jar:6.6.1 9aa465a89b64ff2dabe7b4d50c472de32c298683 - varunthacker - 2017-08-29 21:54:39]
	at org.elasticsearch.env.NodeEnvironment.assertEnvIsLocked(NodeEnvironment.java:941) [elasticsearch-5.6.3.jar:5.6.3]
	at org.elasticsearch.env.NodeEnvironment.nodePaths(NodeEnvironment.java:766) [elasticsearch-5.6.3.jar:5.6.3]
	at org.elasticsearch.monitor.fs.FsProbe.stats(FsProbe.java:55) [elasticsearch-5.6.3.jar:5.6.3]
	at org.elasticsearch.monitor.fs.FsService.stats(FsService.java:60) [elasticsearch-5.6.3.jar:5.6.3]
	at org.elasticsearch.monitor.fs.FsService.access$200(FsService.java:33) [elasticsearch-5.6.3.jar:5.6.3]
	at org.elasticsearch.monitor.fs.FsService$FsInfoCache.refresh(FsService.java:78) [elasticsearch-5.6.3.jar:5.6.3]
	at org.elasticsearch.monitor.fs.FsService$FsInfoCache.refresh(FsService.java:67) [elasticsearch-5.6.3.jar:5.6.3]
	at org.elasticsearch.common.util.SingleObjectCache.getOrRefresh(SingleObjectCache.java:54) [elasticsearch-5.6.3.jar:5.6.3]
	at org.elasticsearch.monitor.fs.FsService.stats(FsService.java:55) [elasticsearch-5.6.3.jar:5.6.3]
	at org.elasticsearch.node.NodeService.stats(NodeService.java:110) [elasticsearch-5.6.3.jar:5.6.3]
	at org.elasticsearch.action.admin.cluster.node.stats.TransportNodesStatsAction.nodeOperation(TransportNodesStatsAction.java:77) [elasticsearch-5.6.3.jar:5.6.3]
	at org.elasticsearch.action.admin.cluster.node.stats.TransportNodesStatsAction.nodeOperation(TransportNodesStatsAction.java:42) [elasticsearch-5.6.3.jar:5.6.3]
	at org.elasticsearch.action.support.nodes.TransportNodesAction.nodeOperation(TransportNodesAction.java:140) [elasticsearch-5.6.3.jar:5.6.3]
	at org.elasticsearch.action.support.nodes.TransportNodesAction$NodeTransportHandler.messageReceived(TransportNodesAction.java:262) [elasticsearch-5.6.3.jar:5.6.3]
	at org.elasticsearch.action.support.nodes.TransportNodesAction$NodeTransportHandler.messageReceived(TransportNodesAction.java:258) [elasticsearch-5.6.3.jar:5.6.3]
	at org.elasticsearch.transport.RequestHandlerRegistry.processMessageReceived(RequestHandlerRegistry.java:69) [elasticsearch-5.6.3.jar:5.6.3]
	at org.elasticsearch.transport.TransportService$7.doRun(TransportService.java:644) [elasticsearch-5.6.3.jar:5.6.3]
	at org.elasticsearch.common.util.concurrent.ThreadContext$ContextPreservingAbstractRunnable.doRun(ThreadContext.java:638) [elasticsearch-5.6.3.jar:5.6.3]
	at org.elasticsearch.common.util.concurrent.AbstractRunnable.run(AbstractRunnable.java:37) [elasticsearch-5.6.3.jar:5.6.3]
	at java.util.concurrent.ThreadPoolExecutor.runWorker(ThreadPoolExecutor.java:1149) [?:1.8.0_151]
	at java.util.concurrent.ThreadPoolExecutor$Worker.run(ThreadPoolExecutor.java:624) [?:1.8.0_151]
	at java.lang.Thread.run(Thread.java:748) [?:1.8.0_151]
2018.05.22 09:53:34 WARN  es[][o.e.e.NodeEnvironment] lock assertion failed
java.nio.file.NoSuchFileException: /home/ufscar/Downloads/sonarqube-6.7.3/data/es5/nodes/0/node.lock
	at sun.nio.fs.UnixException.translateToIOException(UnixException.java:86) ~[?:?]
	at sun.nio.fs.UnixException.rethrowAsIOException(UnixException.java:102) ~[?:?]
	at sun.nio.fs.UnixException.rethrowAsIOException(UnixException.java:107) ~[?:?]
	at sun.nio.fs.UnixFileAttributeViews$Basic.readAttributes(UnixFileAttributeViews.java:55) ~[?:?]
	at sun.nio.fs.UnixFileSystemProvider.readAttributes(UnixFileSystemProvider.java:144) ~[?:?]
	at sun.nio.fs.LinuxFileSystemProvider.readAttributes(LinuxFileSystemProvider.java:99) ~[?:?]
	at java.nio.file.Files.readAttributes(Files.java:1737) ~[?:1.8.0_151]
	at org.apache.lucene.store.NativeFSLockFactory$NativeFSLock.ensureValid(NativeFSLockFactory.java:177) ~[lucene-core-6.6.1.jar:6.6.1 9aa465a89b64ff2dabe7b4d50c472de32c298683 - varunthacker - 2017-08-29 21:54:39]
	at org.elasticsearch.env.NodeEnvironment.assertEnvIsLocked(NodeEnvironment.java:941) [elasticsearch-5.6.3.jar:5.6.3]
	at org.elasticsearch.env.NodeEnvironment.nodePaths(NodeEnvironment.java:766) [elasticsearch-5.6.3.jar:5.6.3]
	at org.elasticsearch.monitor.fs.FsProbe.stats(FsProbe.java:55) [elasticsearch-5.6.3.jar:5.6.3]
	at org.elasticsearch.monitor.fs.FsService.stats(FsService.java:60) [elasticsearch-5.6.3.jar:5.6.3]
	at org.elasticsearch.monitor.fs.FsService.access$200(FsService.java:33) [elasticsearch-5.6.3.jar:5.6.3]
	at org.elasticsearch.monitor.fs.FsService$FsInfoCache.refresh(FsService.java:78) [elasticsearch-5.6.3.jar:5.6.3]
	at org.elasticsearch.monitor.fs.FsService$FsInfoCache.refresh(FsService.java:67) [elasticsearch-5.6.3.jar:5.6.3]
	at org.elasticsearch.common.util.SingleObjectCache.getOrRefresh(SingleObjectCache.java:54) [elasticsearch-5.6.3.jar:5.6.3]
	at org.elasticsearch.monitor.fs.FsService.stats(FsService.java:55) [elasticsearch-5.6.3.jar:5.6.3]
	at org.elasticsearch.node.NodeService.stats(NodeService.java:110) [elasticsearch-5.6.3.jar:5.6.3]
	at org.elasticsearch.action.admin.cluster.node.stats.TransportNodesStatsAction.nodeOperation(TransportNodesStatsAction.java:77) [elasticsearch-5.6.3.jar:5.6.3]
	at org.elasticsearch.action.admin.cluster.node.stats.TransportNodesStatsAction.nodeOperation(TransportNodesStatsAction.java:42) [elasticsearch-5.6.3.jar:5.6.3]
	at org.elasticsearch.action.support.nodes.TransportNodesAction.nodeOperation(TransportNodesAction.java:140) [elasticsearch-5.6.3.jar:5.6.3]
	at org.elasticsearch.action.support.nodes.TransportNodesAction$NodeTransportHandler.messageReceived(TransportNodesAction.java:262) [elasticsearch-5.6.3.jar:5.6.3]
	at org.elasticsearch.action.support.nodes.TransportNodesAction$NodeTransportHandler.messageReceived(TransportNodesAction.java:258) [elasticsearch-5.6.3.jar:5.6.3]
	at org.elasticsearch.transport.RequestHandlerRegistry.processMessageReceived(RequestHandlerRegistry.java:69) [elasticsearch-5.6.3.jar:5.6.3]
	at org.elasticsearch.transport.TransportService$7.doRun(TransportService.java:644) [elasticsearch-5.6.3.jar:5.6.3]
	at org.elasticsearch.common.util.concurrent.ThreadContext$ContextPreservingAbstractRunnable.doRun(ThreadContext.java:638) [elasticsearch-5.6.3.jar:5.6.3]
	at org.elasticsearch.common.util.concurrent.AbstractRunnable.run(AbstractRunnable.java:37) [elasticsearch-5.6.3.jar:5.6.3]
	at java.util.concurrent.ThreadPoolExecutor.runWorker(ThreadPoolExecutor.java:1149) [?:1.8.0_151]
	at java.util.concurrent.ThreadPoolExecutor$Worker.run(ThreadPoolExecutor.java:624) [?:1.8.0_151]
	at java.lang.Thread.run(Thread.java:748) [?:1.8.0_151]
2018.05.22 09:54:04 WARN  es[][o.e.e.NodeEnvironment] lock assertion failed
java.nio.file.NoSuchFileException: /home/ufscar/Downloads/sonarqube-6.7.3/data/es5/nodes/0/node.lock
	at sun.nio.fs.UnixException.translateToIOException(UnixException.java:86) ~[?:?]
	at sun.nio.fs.UnixException.rethrowAsIOException(UnixException.java:102) ~[?:?]
	at sun.nio.fs.UnixException.rethrowAsIOException(UnixException.java:107) ~[?:?]
	at sun.nio.fs.UnixFileAttributeViews$Basic.readAttributes(UnixFileAttributeViews.java:55) ~[?:?]
	at sun.nio.fs.UnixFileSystemProvider.readAttributes(UnixFileSystemProvider.java:144) ~[?:?]
	at sun.nio.fs.LinuxFileSystemProvider.readAttributes(LinuxFileSystemProvider.java:99) ~[?:?]
	at java.nio.file.Files.readAttributes(Files.java:1737) ~[?:1.8.0_151]
	at org.apache.lucene.store.NativeFSLockFactory$NativeFSLock.ensureValid(NativeFSLockFactory.java:177) ~[lucene-core-6.6.1.jar:6.6.1 9aa465a89b64ff2dabe7b4d50c472de32c298683 - varunthacker - 2017-08-29 21:54:39]
	at org.elasticsearch.env.NodeEnvironment.assertEnvIsLocked(NodeEnvironment.java:941) [elasticsearch-5.6.3.jar:5.6.3]
	at org.elasticsearch.env.NodeEnvironment.nodePaths(NodeEnvironment.java:766) [elasticsearch-5.6.3.jar:5.6.3]
	at org.elasticsearch.monitor.fs.FsProbe.stats(FsProbe.java:55) [elasticsearch-5.6.3.jar:5.6.3]
	at org.elasticsearch.monitor.fs.FsService.stats(FsService.java:60) [elasticsearch-5.6.3.jar:5.6.3]
	at org.elasticsearch.monitor.fs.FsService.access$200(FsService.java:33) [elasticsearch-5.6.3.jar:5.6.3]
	at org.elasticsearch.monitor.fs.FsService$FsInfoCache.refresh(FsService.java:78) [elasticsearch-5.6.3.jar:5.6.3]
	at org.elasticsearch.monitor.fs.FsService$FsInfoCache.refresh(FsService.java:67) [elasticsearch-5.6.3.jar:5.6.3]
	at org.elasticsearch.common.util.SingleObjectCache.getOrRefresh(SingleObjectCache.java:54) [elasticsearch-5.6.3.jar:5.6.3]
	at org.elasticsearch.monitor.fs.FsService.stats(FsService.java:55) [elasticsearch-5.6.3.jar:5.6.3]
	at org.elasticsearch.node.NodeService.stats(NodeService.java:110) [elasticsearch-5.6.3.jar:5.6.3]
	at org.elasticsearch.action.admin.cluster.node.stats.TransportNodesStatsAction.nodeOperation(TransportNodesStatsAction.java:77) [elasticsearch-5.6.3.jar:5.6.3]
	at org.elasticsearch.action.admin.cluster.node.stats.TransportNodesStatsAction.nodeOperation(TransportNodesStatsAction.java:42) [elasticsearch-5.6.3.jar:5.6.3]
	at org.elasticsearch.action.support.nodes.TransportNodesAction.nodeOperation(TransportNodesAction.java:140) [elasticsearch-5.6.3.jar:5.6.3]
	at org.elasticsearch.action.support.nodes.TransportNodesAction$NodeTransportHandler.messageReceived(TransportNodesAction.java:262) [elasticsearch-5.6.3.jar:5.6.3]
	at org.elasticsearch.action.support.nodes.TransportNodesAction$NodeTransportHandler.messageReceived(TransportNodesAction.java:258) [elasticsearch-5.6.3.jar:5.6.3]
	at org.elasticsearch.transport.RequestHandlerRegistry.processMessageReceived(RequestHandlerRegistry.java:69) [elasticsearch-5.6.3.jar:5.6.3]
	at org.elasticsearch.transport.TransportService$7.doRun(TransportService.java:644) [elasticsearch-5.6.3.jar:5.6.3]
	at org.elasticsearch.common.util.concurrent.ThreadContext$ContextPreservingAbstractRunnable.doRun(ThreadContext.java:638) [elasticsearch-5.6.3.jar:5.6.3]
	at org.elasticsearch.common.util.concurrent.AbstractRunnable.run(AbstractRunnable.java:37) [elasticsearch-5.6.3.jar:5.6.3]
	at java.util.concurrent.ThreadPoolExecutor.runWorker(ThreadPoolExecutor.java:1149) [?:1.8.0_151]
	at java.util.concurrent.ThreadPoolExecutor$Worker.run(ThreadPoolExecutor.java:624) [?:1.8.0_151]
	at java.lang.Thread.run(Thread.java:748) [?:1.8.0_151]
2018.05.22 09:54:34 WARN  es[][o.e.e.NodeEnvironment] lock assertion failed
java.nio.file.NoSuchFileException: /home/ufscar/Downloads/sonarqube-6.7.3/data/es5/nodes/0/node.lock
	at sun.nio.fs.UnixException.translateToIOException(UnixException.java:86) ~[?:?]
	at sun.nio.fs.UnixException.rethrowAsIOException(UnixException.java:102) ~[?:?]
	at sun.nio.fs.UnixException.rethrowAsIOException(UnixException.java:107) ~[?:?]
	at sun.nio.fs.UnixFileAttributeViews$Basic.readAttributes(UnixFileAttributeViews.java:55) ~[?:?]
	at sun.nio.fs.UnixFileSystemProvider.readAttributes(UnixFileSystemProvider.java:144) ~[?:?]
	at sun.nio.fs.LinuxFileSystemProvider.readAttributes(LinuxFileSystemProvider.java:99) ~[?:?]
	at java.nio.file.Files.readAttributes(Files.java:1737) ~[?:1.8.0_151]
	at org.apache.lucene.store.NativeFSLockFactory$NativeFSLock.ensureValid(NativeFSLockFactory.java:177) ~[lucene-core-6.6.1.jar:6.6.1 9aa465a89b64ff2dabe7b4d50c472de32c298683 - varunthacker - 2017-08-29 21:54:39]
	at org.elasticsearch.env.NodeEnvironment.assertEnvIsLocked(NodeEnvironment.java:941) [elasticsearch-5.6.3.jar:5.6.3]
	at org.elasticsearch.env.NodeEnvironment.nodePaths(NodeEnvironment.java:766) [elasticsearch-5.6.3.jar:5.6.3]
	at org.elasticsearch.monitor.fs.FsProbe.stats(FsProbe.java:55) [elasticsearch-5.6.3.jar:5.6.3]
	at org.elasticsearch.monitor.fs.FsService.stats(FsService.java:60) [elasticsearch-5.6.3.jar:5.6.3]
	at org.elasticsearch.monitor.fs.FsService.access$200(FsService.java:33) [elasticsearch-5.6.3.jar:5.6.3]
	at org.elasticsearch.monitor.fs.FsService$FsInfoCache.refresh(FsService.java:78) [elasticsearch-5.6.3.jar:5.6.3]
	at org.elasticsearch.monitor.fs.FsService$FsInfoCache.refresh(FsService.java:67) [elasticsearch-5.6.3.jar:5.6.3]
	at org.elasticsearch.common.util.SingleObjectCache.getOrRefresh(SingleObjectCache.java:54) [elasticsearch-5.6.3.jar:5.6.3]
	at org.elasticsearch.monitor.fs.FsService.stats(FsService.java:55) [elasticsearch-5.6.3.jar:5.6.3]
	at org.elasticsearch.node.NodeService.stats(NodeService.java:110) [elasticsearch-5.6.3.jar:5.6.3]
	at org.elasticsearch.action.admin.cluster.node.stats.TransportNodesStatsAction.nodeOperation(TransportNodesStatsAction.java:77) [elasticsearch-5.6.3.jar:5.6.3]
	at org.elasticsearch.action.admin.cluster.node.stats.TransportNodesStatsAction.nodeOperation(TransportNodesStatsAction.java:42) [elasticsearch-5.6.3.jar:5.6.3]
	at org.elasticsearch.action.support.nodes.TransportNodesAction.nodeOperation(TransportNodesAction.java:140) [elasticsearch-5.6.3.jar:5.6.3]
	at org.elasticsearch.action.support.nodes.TransportNodesAction$NodeTransportHandler.messageReceived(TransportNodesAction.java:262) [elasticsearch-5.6.3.jar:5.6.3]
	at org.elasticsearch.action.support.nodes.TransportNodesAction$NodeTransportHandler.messageReceived(TransportNodesAction.java:258) [elasticsearch-5.6.3.jar:5.6.3]
	at org.elasticsearch.transport.RequestHandlerRegistry.processMessageReceived(RequestHandlerRegistry.java:69) [elasticsearch-5.6.3.jar:5.6.3]
	at org.elasticsearch.transport.TransportService$7.doRun(TransportService.java:644) [elasticsearch-5.6.3.jar:5.6.3]
	at org.elasticsearch.common.util.concurrent.ThreadContext$ContextPreservingAbstractRunnable.doRun(ThreadContext.java:638) [elasticsearch-5.6.3.jar:5.6.3]
	at org.elasticsearch.common.util.concurrent.AbstractRunnable.run(AbstractRunnable.java:37) [elasticsearch-5.6.3.jar:5.6.3]
	at java.util.concurrent.ThreadPoolExecutor.runWorker(ThreadPoolExecutor.java:1149) [?:1.8.0_151]
	at java.util.concurrent.ThreadPoolExecutor$Worker.run(ThreadPoolExecutor.java:624) [?:1.8.0_151]
	at java.lang.Thread.run(Thread.java:748) [?:1.8.0_151]
2018.05.22 09:55:04 WARN  es[][o.e.e.NodeEnvironment] lock assertion failed
java.nio.file.NoSuchFileException: /home/ufscar/Downloads/sonarqube-6.7.3/data/es5/nodes/0/node.lock
	at sun.nio.fs.UnixException.translateToIOException(UnixException.java:86) ~[?:?]
	at sun.nio.fs.UnixException.rethrowAsIOException(UnixException.java:102) ~[?:?]
	at sun.nio.fs.UnixException.rethrowAsIOException(UnixException.java:107) ~[?:?]
	at sun.nio.fs.UnixFileAttributeViews$Basic.readAttributes(UnixFileAttributeViews.java:55) ~[?:?]
	at sun.nio.fs.UnixFileSystemProvider.readAttributes(UnixFileSystemProvider.java:144) ~[?:?]
	at sun.nio.fs.LinuxFileSystemProvider.readAttributes(LinuxFileSystemProvider.java:99) ~[?:?]
	at java.nio.file.Files.readAttributes(Files.java:1737) ~[?:1.8.0_151]
	at org.apache.lucene.store.NativeFSLockFactory$NativeFSLock.ensureValid(NativeFSLockFactory.java:177) ~[lucene-core-6.6.1.jar:6.6.1 9aa465a89b64ff2dabe7b4d50c472de32c298683 - varunthacker - 2017-08-29 21:54:39]
	at org.elasticsearch.env.NodeEnvironment.assertEnvIsLocked(NodeEnvironment.java:941) [elasticsearch-5.6.3.jar:5.6.3]
	at org.elasticsearch.env.NodeEnvironment.nodePaths(NodeEnvironment.java:766) [elasticsearch-5.6.3.jar:5.6.3]
	at org.elasticsearch.monitor.fs.FsProbe.stats(FsProbe.java:55) [elasticsearch-5.6.3.jar:5.6.3]
	at org.elasticsearch.monitor.fs.FsService.stats(FsService.java:60) [elasticsearch-5.6.3.jar:5.6.3]
	at org.elasticsearch.monitor.fs.FsService.access$200(FsService.java:33) [elasticsearch-5.6.3.jar:5.6.3]
	at org.elasticsearch.monitor.fs.FsService$FsInfoCache.refresh(FsService.java:78) [elasticsearch-5.6.3.jar:5.6.3]
	at org.elasticsearch.monitor.fs.FsService$FsInfoCache.refresh(FsService.java:67) [elasticsearch-5.6.3.jar:5.6.3]
	at org.elasticsearch.common.util.SingleObjectCache.getOrRefresh(SingleObjectCache.java:54) [elasticsearch-5.6.3.jar:5.6.3]
	at org.elasticsearch.monitor.fs.FsService.stats(FsService.java:55) [elasticsearch-5.6.3.jar:5.6.3]
	at org.elasticsearch.node.NodeService.stats(NodeService.java:110) [elasticsearch-5.6.3.jar:5.6.3]
	at org.elasticsearch.action.admin.cluster.node.stats.TransportNodesStatsAction.nodeOperation(TransportNodesStatsAction.java:77) [elasticsearch-5.6.3.jar:5.6.3]
	at org.elasticsearch.action.admin.cluster.node.stats.TransportNodesStatsAction.nodeOperation(TransportNodesStatsAction.java:42) [elasticsearch-5.6.3.jar:5.6.3]
	at org.elasticsearch.action.support.nodes.TransportNodesAction.nodeOperation(TransportNodesAction.java:140) [elasticsearch-5.6.3.jar:5.6.3]
	at org.elasticsearch.action.support.nodes.TransportNodesAction$NodeTransportHandler.messageReceived(TransportNodesAction.java:262) [elasticsearch-5.6.3.jar:5.6.3]
	at org.elasticsearch.action.support.nodes.TransportNodesAction$NodeTransportHandler.messageReceived(TransportNodesAction.java:258) [elasticsearch-5.6.3.jar:5.6.3]
	at org.elasticsearch.transport.RequestHandlerRegistry.processMessageReceived(RequestHandlerRegistry.java:69) [elasticsearch-5.6.3.jar:5.6.3]
	at org.elasticsearch.transport.TransportService$7.doRun(TransportService.java:644) [elasticsearch-5.6.3.jar:5.6.3]
	at org.elasticsearch.common.util.concurrent.ThreadContext$ContextPreservingAbstractRunnable.doRun(ThreadContext.java:638) [elasticsearch-5.6.3.jar:5.6.3]
	at org.elasticsearch.common.util.concurrent.AbstractRunnable.run(AbstractRunnable.java:37) [elasticsearch-5.6.3.jar:5.6.3]
	at java.util.concurrent.ThreadPoolExecutor.runWorker(ThreadPoolExecutor.java:1149) [?:1.8.0_151]
	at java.util.concurrent.ThreadPoolExecutor$Worker.run(ThreadPoolExecutor.java:624) [?:1.8.0_151]
	at java.lang.Thread.run(Thread.java:748) [?:1.8.0_151]
2018.05.22 09:55:34 WARN  es[][o.e.e.NodeEnvironment] lock assertion failed
java.nio.file.NoSuchFileException: /home/ufscar/Downloads/sonarqube-6.7.3/data/es5/nodes/0/node.lock
	at sun.nio.fs.UnixException.translateToIOException(UnixException.java:86) ~[?:?]
	at sun.nio.fs.UnixException.rethrowAsIOException(UnixException.java:102) ~[?:?]
	at sun.nio.fs.UnixException.rethrowAsIOException(UnixException.java:107) ~[?:?]
	at sun.nio.fs.UnixFileAttributeViews$Basic.readAttributes(UnixFileAttributeViews.java:55) ~[?:?]
	at sun.nio.fs.UnixFileSystemProvider.readAttributes(UnixFileSystemProvider.java:144) ~[?:?]
	at sun.nio.fs.LinuxFileSystemProvider.readAttributes(LinuxFileSystemProvider.java:99) ~[?:?]
	at java.nio.file.Files.readAttributes(Files.java:1737) ~[?:1.8.0_151]
	at org.apache.lucene.store.NativeFSLockFactory$NativeFSLock.ensureValid(NativeFSLockFactory.java:177) ~[lucene-core-6.6.1.jar:6.6.1 9aa465a89b64ff2dabe7b4d50c472de32c298683 - varunthacker - 2017-08-29 21:54:39]
	at org.elasticsearch.env.NodeEnvironment.assertEnvIsLocked(NodeEnvironment.java:941) [elasticsearch-5.6.3.jar:5.6.3]
	at org.elasticsearch.env.NodeEnvironment.nodePaths(NodeEnvironment.java:766) [elasticsearch-5.6.3.jar:5.6.3]
	at org.elasticsearch.monitor.fs.FsProbe.stats(FsProbe.java:55) [elasticsearch-5.6.3.jar:5.6.3]
	at org.elasticsearch.monitor.fs.FsService.stats(FsService.java:60) [elasticsearch-5.6.3.jar:5.6.3]
	at org.elasticsearch.monitor.fs.FsService.access$200(FsService.java:33) [elasticsearch-5.6.3.jar:5.6.3]
	at org.elasticsearch.monitor.fs.FsService$FsInfoCache.refresh(FsService.java:78) [elasticsearch-5.6.3.jar:5.6.3]
	at org.elasticsearch.monitor.fs.FsService$FsInfoCache.refresh(FsService.java:67) [elasticsearch-5.6.3.jar:5.6.3]
	at org.elasticsearch.common.util.SingleObjectCache.getOrRefresh(SingleObjectCache.java:54) [elasticsearch-5.6.3.jar:5.6.3]
	at org.elasticsearch.monitor.fs.FsService.stats(FsService.java:55) [elasticsearch-5.6.3.jar:5.6.3]
	at org.elasticsearch.node.NodeService.stats(NodeService.java:110) [elasticsearch-5.6.3.jar:5.6.3]
	at org.elasticsearch.action.admin.cluster.node.stats.TransportNodesStatsAction.nodeOperation(TransportNodesStatsAction.java:77) [elasticsearch-5.6.3.jar:5.6.3]
	at org.elasticsearch.action.admin.cluster.node.stats.TransportNodesStatsAction.nodeOperation(TransportNodesStatsAction.java:42) [elasticsearch-5.6.3.jar:5.6.3]
	at org.elasticsearch.action.support.nodes.TransportNodesAction.nodeOperation(TransportNodesAction.java:140) [elasticsearch-5.6.3.jar:5.6.3]
	at org.elasticsearch.action.support.nodes.TransportNodesAction$NodeTransportHandler.messageReceived(TransportNodesAction.java:262) [elasticsearch-5.6.3.jar:5.6.3]
	at org.elasticsearch.action.support.nodes.TransportNodesAction$NodeTransportHandler.messageReceived(TransportNodesAction.java:258) [elasticsearch-5.6.3.jar:5.6.3]
	at org.elasticsearch.transport.RequestHandlerRegistry.processMessageReceived(RequestHandlerRegistry.java:69) [elasticsearch-5.6.3.jar:5.6.3]
	at org.elasticsearch.transport.TransportService$7.doRun(TransportService.java:644) [elasticsearch-5.6.3.jar:5.6.3]
	at org.elasticsearch.common.util.concurrent.ThreadContext$ContextPreservingAbstractRunnable.doRun(ThreadContext.java:638) [elasticsearch-5.6.3.jar:5.6.3]
	at org.elasticsearch.common.util.concurrent.AbstractRunnable.run(AbstractRunnable.java:37) [elasticsearch-5.6.3.jar:5.6.3]
	at java.util.concurrent.ThreadPoolExecutor.runWorker(ThreadPoolExecutor.java:1149) [?:1.8.0_151]
	at java.util.concurrent.ThreadPoolExecutor$Worker.run(ThreadPoolExecutor.java:624) [?:1.8.0_151]
	at java.lang.Thread.run(Thread.java:748) [?:1.8.0_151]
2018.05.22 09:56:04 WARN  es[][o.e.e.NodeEnvironment] lock assertion failed
java.nio.file.NoSuchFileException: /home/ufscar/Downloads/sonarqube-6.7.3/data/es5/nodes/0/node.lock
	at sun.nio.fs.UnixException.translateToIOException(UnixException.java:86) ~[?:?]
	at sun.nio.fs.UnixException.rethrowAsIOException(UnixException.java:102) ~[?:?]
	at sun.nio.fs.UnixException.rethrowAsIOException(UnixException.java:107) ~[?:?]
	at sun.nio.fs.UnixFileAttributeViews$Basic.readAttributes(UnixFileAttributeViews.java:55) ~[?:?]
	at sun.nio.fs.UnixFileSystemProvider.readAttributes(UnixFileSystemProvider.java:144) ~[?:?]
	at sun.nio.fs.LinuxFileSystemProvider.readAttributes(LinuxFileSystemProvider.java:99) ~[?:?]
	at java.nio.file.Files.readAttributes(Files.java:1737) ~[?:1.8.0_151]
	at org.apache.lucene.store.NativeFSLockFactory$NativeFSLock.ensureValid(NativeFSLockFactory.java:177) ~[lucene-core-6.6.1.jar:6.6.1 9aa465a89b64ff2dabe7b4d50c472de32c298683 - varunthacker - 2017-08-29 21:54:39]
	at org.elasticsearch.env.NodeEnvironment.assertEnvIsLocked(NodeEnvironment.java:941) [elasticsearch-5.6.3.jar:5.6.3]
	at org.elasticsearch.env.NodeEnvironment.nodePaths(NodeEnvironment.java:766) [elasticsearch-5.6.3.jar:5.6.3]
	at org.elasticsearch.monitor.fs.FsProbe.stats(FsProbe.java:55) [elasticsearch-5.6.3.jar:5.6.3]
	at org.elasticsearch.monitor.fs.FsService.stats(FsService.java:60) [elasticsearch-5.6.3.jar:5.6.3]
	at org.elasticsearch.monitor.fs.FsService.access$200(FsService.java:33) [elasticsearch-5.6.3.jar:5.6.3]
	at org.elasticsearch.monitor.fs.FsService$FsInfoCache.refresh(FsService.java:78) [elasticsearch-5.6.3.jar:5.6.3]
	at org.elasticsearch.monitor.fs.FsService$FsInfoCache.refresh(FsService.java:67) [elasticsearch-5.6.3.jar:5.6.3]
	at org.elasticsearch.common.util.SingleObjectCache.getOrRefresh(SingleObjectCache.java:54) [elasticsearch-5.6.3.jar:5.6.3]
	at org.elasticsearch.monitor.fs.FsService.stats(FsService.java:55) [elasticsearch-5.6.3.jar:5.6.3]
	at org.elasticsearch.node.NodeService.stats(NodeService.java:110) [elasticsearch-5.6.3.jar:5.6.3]
	at org.elasticsearch.action.admin.cluster.node.stats.TransportNodesStatsAction.nodeOperation(TransportNodesStatsAction.java:77) [elasticsearch-5.6.3.jar:5.6.3]
	at org.elasticsearch.action.admin.cluster.node.stats.TransportNodesStatsAction.nodeOperation(TransportNodesStatsAction.java:42) [elasticsearch-5.6.3.jar:5.6.3]
	at org.elasticsearch.action.support.nodes.TransportNodesAction.nodeOperation(TransportNodesAction.java:140) [elasticsearch-5.6.3.jar:5.6.3]
	at org.elasticsearch.action.support.nodes.TransportNodesAction$NodeTransportHandler.messageReceived(TransportNodesAction.java:262) [elasticsearch-5.6.3.jar:5.6.3]
	at org.elasticsearch.action.support.nodes.TransportNodesAction$NodeTransportHandler.messageReceived(TransportNodesAction.java:258) [elasticsearch-5.6.3.jar:5.6.3]
	at org.elasticsearch.transport.RequestHandlerRegistry.processMessageReceived(RequestHandlerRegistry.java:69) [elasticsearch-5.6.3.jar:5.6.3]
	at org.elasticsearch.transport.TransportService$7.doRun(TransportService.java:644) [elasticsearch-5.6.3.jar:5.6.3]
	at org.elasticsearch.common.util.concurrent.ThreadContext$ContextPreservingAbstractRunnable.doRun(ThreadContext.java:638) [elasticsearch-5.6.3.jar:5.6.3]
	at org.elasticsearch.common.util.concurrent.AbstractRunnable.run(AbstractRunnable.java:37) [elasticsearch-5.6.3.jar:5.6.3]
	at java.util.concurrent.ThreadPoolExecutor.runWorker(ThreadPoolExecutor.java:1149) [?:1.8.0_151]
	at java.util.concurrent.ThreadPoolExecutor$Worker.run(ThreadPoolExecutor.java:624) [?:1.8.0_151]
	at java.lang.Thread.run(Thread.java:748) [?:1.8.0_151]
2018.05.22 09:56:34 WARN  es[][o.e.e.NodeEnvironment] lock assertion failed
java.nio.file.NoSuchFileException: /home/ufscar/Downloads/sonarqube-6.7.3/data/es5/nodes/0/node.lock
	at sun.nio.fs.UnixException.translateToIOException(UnixException.java:86) ~[?:?]
	at sun.nio.fs.UnixException.rethrowAsIOException(UnixException.java:102) ~[?:?]
	at sun.nio.fs.UnixException.rethrowAsIOException(UnixException.java:107) ~[?:?]
	at sun.nio.fs.UnixFileAttributeViews$Basic.readAttributes(UnixFileAttributeViews.java:55) ~[?:?]
	at sun.nio.fs.UnixFileSystemProvider.readAttributes(UnixFileSystemProvider.java:144) ~[?:?]
	at sun.nio.fs.LinuxFileSystemProvider.readAttributes(LinuxFileSystemProvider.java:99) ~[?:?]
	at java.nio.file.Files.readAttributes(Files.java:1737) ~[?:1.8.0_151]
	at org.apache.lucene.store.NativeFSLockFactory$NativeFSLock.ensureValid(NativeFSLockFactory.java:177) ~[lucene-core-6.6.1.jar:6.6.1 9aa465a89b64ff2dabe7b4d50c472de32c298683 - varunthacker - 2017-08-29 21:54:39]
	at org.elasticsearch.env.NodeEnvironment.assertEnvIsLocked(NodeEnvironment.java:941) [elasticsearch-5.6.3.jar:5.6.3]
	at org.elasticsearch.env.NodeEnvironment.nodePaths(NodeEnvironment.java:766) [elasticsearch-5.6.3.jar:5.6.3]
	at org.elasticsearch.monitor.fs.FsProbe.stats(FsProbe.java:55) [elasticsearch-5.6.3.jar:5.6.3]
	at org.elasticsearch.monitor.fs.FsService.stats(FsService.java:60) [elasticsearch-5.6.3.jar:5.6.3]
	at org.elasticsearch.monitor.fs.FsService.access$200(FsService.java:33) [elasticsearch-5.6.3.jar:5.6.3]
	at org.elasticsearch.monitor.fs.FsService$FsInfoCache.refresh(FsService.java:78) [elasticsearch-5.6.3.jar:5.6.3]
	at org.elasticsearch.monitor.fs.FsService$FsInfoCache.refresh(FsService.java:67) [elasticsearch-5.6.3.jar:5.6.3]
	at org.elasticsearch.common.util.SingleObjectCache.getOrRefresh(SingleObjectCache.java:54) [elasticsearch-5.6.3.jar:5.6.3]
	at org.elasticsearch.monitor.fs.FsService.stats(FsService.java:55) [elasticsearch-5.6.3.jar:5.6.3]
	at org.elasticsearch.node.NodeService.stats(NodeService.java:110) [elasticsearch-5.6.3.jar:5.6.3]
	at org.elasticsearch.action.admin.cluster.node.stats.TransportNodesStatsAction.nodeOperation(TransportNodesStatsAction.java:77) [elasticsearch-5.6.3.jar:5.6.3]
	at org.elasticsearch.action.admin.cluster.node.stats.TransportNodesStatsAction.nodeOperation(TransportNodesStatsAction.java:42) [elasticsearch-5.6.3.jar:5.6.3]
	at org.elasticsearch.action.support.nodes.TransportNodesAction.nodeOperation(TransportNodesAction.java:140) [elasticsearch-5.6.3.jar:5.6.3]
	at org.elasticsearch.action.support.nodes.TransportNodesAction$NodeTransportHandler.messageReceived(TransportNodesAction.java:262) [elasticsearch-5.6.3.jar:5.6.3]
	at org.elasticsearch.action.support.nodes.TransportNodesAction$NodeTransportHandler.messageReceived(TransportNodesAction.java:258) [elasticsearch-5.6.3.jar:5.6.3]
	at org.elasticsearch.transport.RequestHandlerRegistry.processMessageReceived(RequestHandlerRegistry.java:69) [elasticsearch-5.6.3.jar:5.6.3]
	at org.elasticsearch.transport.TransportService$7.doRun(TransportService.java:644) [elasticsearch-5.6.3.jar:5.6.3]
	at org.elasticsearch.common.util.concurrent.ThreadContext$ContextPreservingAbstractRunnable.doRun(ThreadContext.java:638) [elasticsearch-5.6.3.jar:5.6.3]
	at org.elasticsearch.common.util.concurrent.AbstractRunnable.run(AbstractRunnable.java:37) [elasticsearch-5.6.3.jar:5.6.3]
	at java.util.concurrent.ThreadPoolExecutor.runWorker(ThreadPoolExecutor.java:1149) [?:1.8.0_151]
	at java.util.concurrent.ThreadPoolExecutor$Worker.run(ThreadPoolExecutor.java:624) [?:1.8.0_151]
	at java.lang.Thread.run(Thread.java:748) [?:1.8.0_151]
2018.05.22 09:57:04 WARN  es[][o.e.e.NodeEnvironment] lock assertion failed
java.nio.file.NoSuchFileException: /home/ufscar/Downloads/sonarqube-6.7.3/data/es5/nodes/0/node.lock
	at sun.nio.fs.UnixException.translateToIOException(UnixException.java:86) ~[?:?]
	at sun.nio.fs.UnixException.rethrowAsIOException(UnixException.java:102) ~[?:?]
	at sun.nio.fs.UnixException.rethrowAsIOException(UnixException.java:107) ~[?:?]
	at sun.nio.fs.UnixFileAttributeViews$Basic.readAttributes(UnixFileAttributeViews.java:55) ~[?:?]
	at sun.nio.fs.UnixFileSystemProvider.readAttributes(UnixFileSystemProvider.java:144) ~[?:?]
	at sun.nio.fs.LinuxFileSystemProvider.readAttributes(LinuxFileSystemProvider.java:99) ~[?:?]
	at java.nio.file.Files.readAttributes(Files.java:1737) ~[?:1.8.0_151]
	at org.apache.lucene.store.NativeFSLockFactory$NativeFSLock.ensureValid(NativeFSLockFactory.java:177) ~[lucene-core-6.6.1.jar:6.6.1 9aa465a89b64ff2dabe7b4d50c472de32c298683 - varunthacker - 2017-08-29 21:54:39]
	at org.elasticsearch.env.NodeEnvironment.assertEnvIsLocked(NodeEnvironment.java:941) [elasticsearch-5.6.3.jar:5.6.3]
	at org.elasticsearch.env.NodeEnvironment.nodePaths(NodeEnvironment.java:766) [elasticsearch-5.6.3.jar:5.6.3]
	at org.elasticsearch.monitor.fs.FsProbe.stats(FsProbe.java:55) [elasticsearch-5.6.3.jar:5.6.3]
	at org.elasticsearch.monitor.fs.FsService.stats(FsService.java:60) [elasticsearch-5.6.3.jar:5.6.3]
	at org.elasticsearch.monitor.fs.FsService.access$200(FsService.java:33) [elasticsearch-5.6.3.jar:5.6.3]
	at org.elasticsearch.monitor.fs.FsService$FsInfoCache.refresh(FsService.java:78) [elasticsearch-5.6.3.jar:5.6.3]
	at org.elasticsearch.monitor.fs.FsService$FsInfoCache.refresh(FsService.java:67) [elasticsearch-5.6.3.jar:5.6.3]
	at org.elasticsearch.common.util.SingleObjectCache.getOrRefresh(SingleObjectCache.java:54) [elasticsearch-5.6.3.jar:5.6.3]
	at org.elasticsearch.monitor.fs.FsService.stats(FsService.java:55) [elasticsearch-5.6.3.jar:5.6.3]
	at org.elasticsearch.node.NodeService.stats(NodeService.java:110) [elasticsearch-5.6.3.jar:5.6.3]
	at org.elasticsearch.action.admin.cluster.node.stats.TransportNodesStatsAction.nodeOperation(TransportNodesStatsAction.java:77) [elasticsearch-5.6.3.jar:5.6.3]
	at org.elasticsearch.action.admin.cluster.node.stats.TransportNodesStatsAction.nodeOperation(TransportNodesStatsAction.java:42) [elasticsearch-5.6.3.jar:5.6.3]
	at org.elasticsearch.action.support.nodes.TransportNodesAction.nodeOperation(TransportNodesAction.java:140) [elasticsearch-5.6.3.jar:5.6.3]
	at org.elasticsearch.action.support.nodes.TransportNodesAction$NodeTransportHandler.messageReceived(TransportNodesAction.java:262) [elasticsearch-5.6.3.jar:5.6.3]
	at org.elasticsearch.action.support.nodes.TransportNodesAction$NodeTransportHandler.messageReceived(TransportNodesAction.java:258) [elasticsearch-5.6.3.jar:5.6.3]
	at org.elasticsearch.transport.RequestHandlerRegistry.processMessageReceived(RequestHandlerRegistry.java:69) [elasticsearch-5.6.3.jar:5.6.3]
	at org.elasticsearch.transport.TransportService$7.doRun(TransportService.java:644) [elasticsearch-5.6.3.jar:5.6.3]
	at org.elasticsearch.common.util.concurrent.ThreadContext$ContextPreservingAbstractRunnable.doRun(ThreadContext.java:638) [elasticsearch-5.6.3.jar:5.6.3]
	at org.elasticsearch.common.util.concurrent.AbstractRunnable.run(AbstractRunnable.java:37) [elasticsearch-5.6.3.jar:5.6.3]
	at java.util.concurrent.ThreadPoolExecutor.runWorker(ThreadPoolExecutor.java:1149) [?:1.8.0_151]
	at java.util.concurrent.ThreadPoolExecutor$Worker.run(ThreadPoolExecutor.java:624) [?:1.8.0_151]
	at java.lang.Thread.run(Thread.java:748) [?:1.8.0_151]
2018.05.22 09:57:34 WARN  es[][o.e.e.NodeEnvironment] lock assertion failed
java.nio.file.NoSuchFileException: /home/ufscar/Downloads/sonarqube-6.7.3/data/es5/nodes/0/node.lock
	at sun.nio.fs.UnixException.translateToIOException(UnixException.java:86) ~[?:?]
	at sun.nio.fs.UnixException.rethrowAsIOException(UnixException.java:102) ~[?:?]
	at sun.nio.fs.UnixException.rethrowAsIOException(UnixException.java:107) ~[?:?]
	at sun.nio.fs.UnixFileAttributeViews$Basic.readAttributes(UnixFileAttributeViews.java:55) ~[?:?]
	at sun.nio.fs.UnixFileSystemProvider.readAttributes(UnixFileSystemProvider.java:144) ~[?:?]
	at sun.nio.fs.LinuxFileSystemProvider.readAttributes(LinuxFileSystemProvider.java:99) ~[?:?]
	at java.nio.file.Files.readAttributes(Files.java:1737) ~[?:1.8.0_151]
	at org.apache.lucene.store.NativeFSLockFactory$NativeFSLock.ensureValid(NativeFSLockFactory.java:177) ~[lucene-core-6.6.1.jar:6.6.1 9aa465a89b64ff2dabe7b4d50c472de32c298683 - varunthacker - 2017-08-29 21:54:39]
	at org.elasticsearch.env.NodeEnvironment.assertEnvIsLocked(NodeEnvironment.java:941) [elasticsearch-5.6.3.jar:5.6.3]
	at org.elasticsearch.env.NodeEnvironment.nodePaths(NodeEnvironment.java:766) [elasticsearch-5.6.3.jar:5.6.3]
	at org.elasticsearch.monitor.fs.FsProbe.stats(FsProbe.java:55) [elasticsearch-5.6.3.jar:5.6.3]
	at org.elasticsearch.monitor.fs.FsService.stats(FsService.java:60) [elasticsearch-5.6.3.jar:5.6.3]
	at org.elasticsearch.monitor.fs.FsService.access$200(FsService.java:33) [elasticsearch-5.6.3.jar:5.6.3]
	at org.elasticsearch.monitor.fs.FsService$FsInfoCache.refresh(FsService.java:78) [elasticsearch-5.6.3.jar:5.6.3]
	at org.elasticsearch.monitor.fs.FsService$FsInfoCache.refresh(FsService.java:67) [elasticsearch-5.6.3.jar:5.6.3]
	at org.elasticsearch.common.util.SingleObjectCache.getOrRefresh(SingleObjectCache.java:54) [elasticsearch-5.6.3.jar:5.6.3]
	at org.elasticsearch.monitor.fs.FsService.stats(FsService.java:55) [elasticsearch-5.6.3.jar:5.6.3]
	at org.elasticsearch.node.NodeService.stats(NodeService.java:110) [elasticsearch-5.6.3.jar:5.6.3]
	at org.elasticsearch.action.admin.cluster.node.stats.TransportNodesStatsAction.nodeOperation(TransportNodesStatsAction.java:77) [elasticsearch-5.6.3.jar:5.6.3]
	at org.elasticsearch.action.admin.cluster.node.stats.TransportNodesStatsAction.nodeOperation(TransportNodesStatsAction.java:42) [elasticsearch-5.6.3.jar:5.6.3]
	at org.elasticsearch.action.support.nodes.TransportNodesAction.nodeOperation(TransportNodesAction.java:140) [elasticsearch-5.6.3.jar:5.6.3]
	at org.elasticsearch.action.support.nodes.TransportNodesAction$NodeTransportHandler.messageReceived(TransportNodesAction.java:262) [elasticsearch-5.6.3.jar:5.6.3]
	at org.elasticsearch.action.support.nodes.TransportNodesAction$NodeTransportHandler.messageReceived(TransportNodesAction.java:258) [elasticsearch-5.6.3.jar:5.6.3]
	at org.elasticsearch.transport.RequestHandlerRegistry.processMessageReceived(RequestHandlerRegistry.java:69) [elasticsearch-5.6.3.jar:5.6.3]
	at org.elasticsearch.transport.TransportService$7.doRun(TransportService.java:644) [elasticsearch-5.6.3.jar:5.6.3]
	at org.elasticsearch.common.util.concurrent.ThreadContext$ContextPreservingAbstractRunnable.doRun(ThreadContext.java:638) [elasticsearch-5.6.3.jar:5.6.3]
	at org.elasticsearch.common.util.concurrent.AbstractRunnable.run(AbstractRunnable.java:37) [elasticsearch-5.6.3.jar:5.6.3]
	at java.util.concurrent.ThreadPoolExecutor.runWorker(ThreadPoolExecutor.java:1149) [?:1.8.0_151]
	at java.util.concurrent.ThreadPoolExecutor$Worker.run(ThreadPoolExecutor.java:624) [?:1.8.0_151]
	at java.lang.Thread.run(Thread.java:748) [?:1.8.0_151]
2018.05.22 09:58:04 WARN  es[][o.e.e.NodeEnvironment] lock assertion failed
java.nio.file.NoSuchFileException: /home/ufscar/Downloads/sonarqube-6.7.3/data/es5/nodes/0/node.lock
	at sun.nio.fs.UnixException.translateToIOException(UnixException.java:86) ~[?:?]
	at sun.nio.fs.UnixException.rethrowAsIOException(UnixException.java:102) ~[?:?]
	at sun.nio.fs.UnixException.rethrowAsIOException(UnixException.java:107) ~[?:?]
	at sun.nio.fs.UnixFileAttributeViews$Basic.readAttributes(UnixFileAttributeViews.java:55) ~[?:?]
	at sun.nio.fs.UnixFileSystemProvider.readAttributes(UnixFileSystemProvider.java:144) ~[?:?]
	at sun.nio.fs.LinuxFileSystemProvider.readAttributes(LinuxFileSystemProvider.java:99) ~[?:?]
	at java.nio.file.Files.readAttributes(Files.java:1737) ~[?:1.8.0_151]
	at org.apache.lucene.store.NativeFSLockFactory$NativeFSLock.ensureValid(NativeFSLockFactory.java:177) ~[lucene-core-6.6.1.jar:6.6.1 9aa465a89b64ff2dabe7b4d50c472de32c298683 - varunthacker - 2017-08-29 21:54:39]
	at org.elasticsearch.env.NodeEnvironment.assertEnvIsLocked(NodeEnvironment.java:941) [elasticsearch-5.6.3.jar:5.6.3]
	at org.elasticsearch.env.NodeEnvironment.nodePaths(NodeEnvironment.java:766) [elasticsearch-5.6.3.jar:5.6.3]
	at org.elasticsearch.monitor.fs.FsProbe.stats(FsProbe.java:55) [elasticsearch-5.6.3.jar:5.6.3]
	at org.elasticsearch.monitor.fs.FsService.stats(FsService.java:60) [elasticsearch-5.6.3.jar:5.6.3]
	at org.elasticsearch.monitor.fs.FsService.access$200(FsService.java:33) [elasticsearch-5.6.3.jar:5.6.3]
	at org.elasticsearch.monitor.fs.FsService$FsInfoCache.refresh(FsService.java:78) [elasticsearch-5.6.3.jar:5.6.3]
	at org.elasticsearch.monitor.fs.FsService$FsInfoCache.refresh(FsService.java:67) [elasticsearch-5.6.3.jar:5.6.3]
	at org.elasticsearch.common.util.SingleObjectCache.getOrRefresh(SingleObjectCache.java:54) [elasticsearch-5.6.3.jar:5.6.3]
	at org.elasticsearch.monitor.fs.FsService.stats(FsService.java:55) [elasticsearch-5.6.3.jar:5.6.3]
	at org.elasticsearch.node.NodeService.stats(NodeService.java:110) [elasticsearch-5.6.3.jar:5.6.3]
	at org.elasticsearch.action.admin.cluster.node.stats.TransportNodesStatsAction.nodeOperation(TransportNodesStatsAction.java:77) [elasticsearch-5.6.3.jar:5.6.3]
	at org.elasticsearch.action.admin.cluster.node.stats.TransportNodesStatsAction.nodeOperation(TransportNodesStatsAction.java:42) [elasticsearch-5.6.3.jar:5.6.3]
	at org.elasticsearch.action.support.nodes.TransportNodesAction.nodeOperation(TransportNodesAction.java:140) [elasticsearch-5.6.3.jar:5.6.3]
	at org.elasticsearch.action.support.nodes.TransportNodesAction$NodeTransportHandler.messageReceived(TransportNodesAction.java:262) [elasticsearch-5.6.3.jar:5.6.3]
	at org.elasticsearch.action.support.nodes.TransportNodesAction$NodeTransportHandler.messageReceived(TransportNodesAction.java:258) [elasticsearch-5.6.3.jar:5.6.3]
	at org.elasticsearch.transport.RequestHandlerRegistry.processMessageReceived(RequestHandlerRegistry.java:69) [elasticsearch-5.6.3.jar:5.6.3]
	at org.elasticsearch.transport.TransportService$7.doRun(TransportService.java:644) [elasticsearch-5.6.3.jar:5.6.3]
	at org.elasticsearch.common.util.concurrent.ThreadContext$ContextPreservingAbstractRunnable.doRun(ThreadContext.java:638) [elasticsearch-5.6.3.jar:5.6.3]
	at org.elasticsearch.common.util.concurrent.AbstractRunnable.run(AbstractRunnable.java:37) [elasticsearch-5.6.3.jar:5.6.3]
	at java.util.concurrent.ThreadPoolExecutor.runWorker(ThreadPoolExecutor.java:1149) [?:1.8.0_151]
	at java.util.concurrent.ThreadPoolExecutor$Worker.run(ThreadPoolExecutor.java:624) [?:1.8.0_151]
	at java.lang.Thread.run(Thread.java:748) [?:1.8.0_151]
2018.05.22 09:58:34 WARN  es[][o.e.e.NodeEnvironment] lock assertion failed
java.nio.file.NoSuchFileException: /home/ufscar/Downloads/sonarqube-6.7.3/data/es5/nodes/0/node.lock
	at sun.nio.fs.UnixException.translateToIOException(UnixException.java:86) ~[?:?]
	at sun.nio.fs.UnixException.rethrowAsIOException(UnixException.java:102) ~[?:?]
	at sun.nio.fs.UnixException.rethrowAsIOException(UnixException.java:107) ~[?:?]
	at sun.nio.fs.UnixFileAttributeViews$Basic.readAttributes(UnixFileAttributeViews.java:55) ~[?:?]
	at sun.nio.fs.UnixFileSystemProvider.readAttributes(UnixFileSystemProvider.java:144) ~[?:?]
	at sun.nio.fs.LinuxFileSystemProvider.readAttributes(LinuxFileSystemProvider.java:99) ~[?:?]
	at java.nio.file.Files.readAttributes(Files.java:1737) ~[?:1.8.0_151]
	at org.apache.lucene.store.NativeFSLockFactory$NativeFSLock.ensureValid(NativeFSLockFactory.java:177) ~[lucene-core-6.6.1.jar:6.6.1 9aa465a89b64ff2dabe7b4d50c472de32c298683 - varunthacker - 2017-08-29 21:54:39]
	at org.elasticsearch.env.NodeEnvironment.assertEnvIsLocked(NodeEnvironment.java:941) [elasticsearch-5.6.3.jar:5.6.3]
	at org.elasticsearch.env.NodeEnvironment.nodePaths(NodeEnvironment.java:766) [elasticsearch-5.6.3.jar:5.6.3]
	at org.elasticsearch.monitor.fs.FsProbe.stats(FsProbe.java:55) [elasticsearch-5.6.3.jar:5.6.3]
	at org.elasticsearch.monitor.fs.FsService.stats(FsService.java:60) [elasticsearch-5.6.3.jar:5.6.3]
	at org.elasticsearch.monitor.fs.FsService.access$200(FsService.java:33) [elasticsearch-5.6.3.jar:5.6.3]
	at org.elasticsearch.monitor.fs.FsService$FsInfoCache.refresh(FsService.java:78) [elasticsearch-5.6.3.jar:5.6.3]
	at org.elasticsearch.monitor.fs.FsService$FsInfoCache.refresh(FsService.java:67) [elasticsearch-5.6.3.jar:5.6.3]
	at org.elasticsearch.common.util.SingleObjectCache.getOrRefresh(SingleObjectCache.java:54) [elasticsearch-5.6.3.jar:5.6.3]
	at org.elasticsearch.monitor.fs.FsService.stats(FsService.java:55) [elasticsearch-5.6.3.jar:5.6.3]
	at org.elasticsearch.node.NodeService.stats(NodeService.java:110) [elasticsearch-5.6.3.jar:5.6.3]
	at org.elasticsearch.action.admin.cluster.node.stats.TransportNodesStatsAction.nodeOperation(TransportNodesStatsAction.java:77) [elasticsearch-5.6.3.jar:5.6.3]
	at org.elasticsearch.action.admin.cluster.node.stats.TransportNodesStatsAction.nodeOperation(TransportNodesStatsAction.java:42) [elasticsearch-5.6.3.jar:5.6.3]
	at org.elasticsearch.action.support.nodes.TransportNodesAction.nodeOperation(TransportNodesAction.java:140) [elasticsearch-5.6.3.jar:5.6.3]
	at org.elasticsearch.action.support.nodes.TransportNodesAction$NodeTransportHandler.messageReceived(TransportNodesAction.java:262) [elasticsearch-5.6.3.jar:5.6.3]
	at org.elasticsearch.action.support.nodes.TransportNodesAction$NodeTransportHandler.messageReceived(TransportNodesAction.java:258) [elasticsearch-5.6.3.jar:5.6.3]
	at org.elasticsearch.transport.RequestHandlerRegistry.processMessageReceived(RequestHandlerRegistry.java:69) [elasticsearch-5.6.3.jar:5.6.3]
	at org.elasticsearch.transport.TransportService$7.doRun(TransportService.java:644) [elasticsearch-5.6.3.jar:5.6.3]
	at org.elasticsearch.common.util.concurrent.ThreadContext$ContextPreservingAbstractRunnable.doRun(ThreadContext.java:638) [elasticsearch-5.6.3.jar:5.6.3]
	at org.elasticsearch.common.util.concurrent.AbstractRunnable.run(AbstractRunnable.java:37) [elasticsearch-5.6.3.jar:5.6.3]
	at java.util.concurrent.ThreadPoolExecutor.runWorker(ThreadPoolExecutor.java:1149) [?:1.8.0_151]
	at java.util.concurrent.ThreadPoolExecutor$Worker.run(ThreadPoolExecutor.java:624) [?:1.8.0_151]
	at java.lang.Thread.run(Thread.java:748) [?:1.8.0_151]
2018.05.22 09:59:04 WARN  es[][o.e.e.NodeEnvironment] lock assertion failed
java.nio.file.NoSuchFileException: /home/ufscar/Downloads/sonarqube-6.7.3/data/es5/nodes/0/node.lock
	at sun.nio.fs.UnixException.translateToIOException(UnixException.java:86) ~[?:?]
	at sun.nio.fs.UnixException.rethrowAsIOException(UnixException.java:102) ~[?:?]
	at sun.nio.fs.UnixException.rethrowAsIOException(UnixException.java:107) ~[?:?]
	at sun.nio.fs.UnixFileAttributeViews$Basic.readAttributes(UnixFileAttributeViews.java:55) ~[?:?]
	at sun.nio.fs.UnixFileSystemProvider.readAttributes(UnixFileSystemProvider.java:144) ~[?:?]
	at sun.nio.fs.LinuxFileSystemProvider.readAttributes(LinuxFileSystemProvider.java:99) ~[?:?]
	at java.nio.file.Files.readAttributes(Files.java:1737) ~[?:1.8.0_151]
	at org.apache.lucene.store.NativeFSLockFactory$NativeFSLock.ensureValid(NativeFSLockFactory.java:177) ~[lucene-core-6.6.1.jar:6.6.1 9aa465a89b64ff2dabe7b4d50c472de32c298683 - varunthacker - 2017-08-29 21:54:39]
	at org.elasticsearch.env.NodeEnvironment.assertEnvIsLocked(NodeEnvironment.java:941) [elasticsearch-5.6.3.jar:5.6.3]
	at org.elasticsearch.env.NodeEnvironment.nodePaths(NodeEnvironment.java:766) [elasticsearch-5.6.3.jar:5.6.3]
	at org.elasticsearch.monitor.fs.FsProbe.stats(FsProbe.java:55) [elasticsearch-5.6.3.jar:5.6.3]
	at org.elasticsearch.monitor.fs.FsService.stats(FsService.java:60) [elasticsearch-5.6.3.jar:5.6.3]
	at org.elasticsearch.monitor.fs.FsService.access$200(FsService.java:33) [elasticsearch-5.6.3.jar:5.6.3]
	at org.elasticsearch.monitor.fs.FsService$FsInfoCache.refresh(FsService.java:78) [elasticsearch-5.6.3.jar:5.6.3]
	at org.elasticsearch.monitor.fs.FsService$FsInfoCache.refresh(FsService.java:67) [elasticsearch-5.6.3.jar:5.6.3]
	at org.elasticsearch.common.util.SingleObjectCache.getOrRefresh(SingleObjectCache.java:54) [elasticsearch-5.6.3.jar:5.6.3]
	at org.elasticsearch.monitor.fs.FsService.stats(FsService.java:55) [elasticsearch-5.6.3.jar:5.6.3]
	at org.elasticsearch.node.NodeService.stats(NodeService.java:110) [elasticsearch-5.6.3.jar:5.6.3]
	at org.elasticsearch.action.admin.cluster.node.stats.TransportNodesStatsAction.nodeOperation(TransportNodesStatsAction.java:77) [elasticsearch-5.6.3.jar:5.6.3]
	at org.elasticsearch.action.admin.cluster.node.stats.TransportNodesStatsAction.nodeOperation(TransportNodesStatsAction.java:42) [elasticsearch-5.6.3.jar:5.6.3]
	at org.elasticsearch.action.support.nodes.TransportNodesAction.nodeOperation(TransportNodesAction.java:140) [elasticsearch-5.6.3.jar:5.6.3]
	at org.elasticsearch.action.support.nodes.TransportNodesAction$NodeTransportHandler.messageReceived(TransportNodesAction.java:262) [elasticsearch-5.6.3.jar:5.6.3]
	at org.elasticsearch.action.support.nodes.TransportNodesAction$NodeTransportHandler.messageReceived(TransportNodesAction.java:258) [elasticsearch-5.6.3.jar:5.6.3]
	at org.elasticsearch.transport.RequestHandlerRegistry.processMessageReceived(RequestHandlerRegistry.java:69) [elasticsearch-5.6.3.jar:5.6.3]
	at org.elasticsearch.transport.TransportService$7.doRun(TransportService.java:644) [elasticsearch-5.6.3.jar:5.6.3]
	at org.elasticsearch.common.util.concurrent.ThreadContext$ContextPreservingAbstractRunnable.doRun(ThreadContext.java:638) [elasticsearch-5.6.3.jar:5.6.3]
	at org.elasticsearch.common.util.concurrent.AbstractRunnable.run(AbstractRunnable.java:37) [elasticsearch-5.6.3.jar:5.6.3]
	at java.util.concurrent.ThreadPoolExecutor.runWorker(ThreadPoolExecutor.java:1149) [?:1.8.0_151]
	at java.util.concurrent.ThreadPoolExecutor$Worker.run(ThreadPoolExecutor.java:624) [?:1.8.0_151]
	at java.lang.Thread.run(Thread.java:748) [?:1.8.0_151]
2018.05.22 09:59:34 WARN  es[][o.e.e.NodeEnvironment] lock assertion failed
java.nio.file.NoSuchFileException: /home/ufscar/Downloads/sonarqube-6.7.3/data/es5/nodes/0/node.lock
	at sun.nio.fs.UnixException.translateToIOException(UnixException.java:86) ~[?:?]
	at sun.nio.fs.UnixException.rethrowAsIOException(UnixException.java:102) ~[?:?]
	at sun.nio.fs.UnixException.rethrowAsIOException(UnixException.java:107) ~[?:?]
	at sun.nio.fs.UnixFileAttributeViews$Basic.readAttributes(UnixFileAttributeViews.java:55) ~[?:?]
	at sun.nio.fs.UnixFileSystemProvider.readAttributes(UnixFileSystemProvider.java:144) ~[?:?]
	at sun.nio.fs.LinuxFileSystemProvider.readAttributes(LinuxFileSystemProvider.java:99) ~[?:?]
	at java.nio.file.Files.readAttributes(Files.java:1737) ~[?:1.8.0_151]
	at org.apache.lucene.store.NativeFSLockFactory$NativeFSLock.ensureValid(NativeFSLockFactory.java:177) ~[lucene-core-6.6.1.jar:6.6.1 9aa465a89b64ff2dabe7b4d50c472de32c298683 - varunthacker - 2017-08-29 21:54:39]
	at org.elasticsearch.env.NodeEnvironment.assertEnvIsLocked(NodeEnvironment.java:941) [elasticsearch-5.6.3.jar:5.6.3]
	at org.elasticsearch.env.NodeEnvironment.nodePaths(NodeEnvironment.java:766) [elasticsearch-5.6.3.jar:5.6.3]
	at org.elasticsearch.monitor.fs.FsProbe.stats(FsProbe.java:55) [elasticsearch-5.6.3.jar:5.6.3]
	at org.elasticsearch.monitor.fs.FsService.stats(FsService.java:60) [elasticsearch-5.6.3.jar:5.6.3]
	at org.elasticsearch.monitor.fs.FsService.access$200(FsService.java:33) [elasticsearch-5.6.3.jar:5.6.3]
	at org.elasticsearch.monitor.fs.FsService$FsInfoCache.refresh(FsService.java:78) [elasticsearch-5.6.3.jar:5.6.3]
	at org.elasticsearch.monitor.fs.FsService$FsInfoCache.refresh(FsService.java:67) [elasticsearch-5.6.3.jar:5.6.3]
	at org.elasticsearch.common.util.SingleObjectCache.getOrRefresh(SingleObjectCache.java:54) [elasticsearch-5.6.3.jar:5.6.3]
	at org.elasticsearch.monitor.fs.FsService.stats(FsService.java:55) [elasticsearch-5.6.3.jar:5.6.3]
	at org.elasticsearch.node.NodeService.stats(NodeService.java:110) [elasticsearch-5.6.3.jar:5.6.3]
	at org.elasticsearch.action.admin.cluster.node.stats.TransportNodesStatsAction.nodeOperation(TransportNodesStatsAction.java:77) [elasticsearch-5.6.3.jar:5.6.3]
	at org.elasticsearch.action.admin.cluster.node.stats.TransportNodesStatsAction.nodeOperation(TransportNodesStatsAction.java:42) [elasticsearch-5.6.3.jar:5.6.3]
	at org.elasticsearch.action.support.nodes.TransportNodesAction.nodeOperation(TransportNodesAction.java:140) [elasticsearch-5.6.3.jar:5.6.3]
	at org.elasticsearch.action.support.nodes.TransportNodesAction$NodeTransportHandler.messageReceived(TransportNodesAction.java:262) [elasticsearch-5.6.3.jar:5.6.3]
	at org.elasticsearch.action.support.nodes.TransportNodesAction$NodeTransportHandler.messageReceived(TransportNodesAction.java:258) [elasticsearch-5.6.3.jar:5.6.3]
	at org.elasticsearch.transport.RequestHandlerRegistry.processMessageReceived(RequestHandlerRegistry.java:69) [elasticsearch-5.6.3.jar:5.6.3]
	at org.elasticsearch.transport.TransportService$7.doRun(TransportService.java:644) [elasticsearch-5.6.3.jar:5.6.3]
	at org.elasticsearch.common.util.concurrent.ThreadContext$ContextPreservingAbstractRunnable.doRun(ThreadContext.java:638) [elasticsearch-5.6.3.jar:5.6.3]
	at org.elasticsearch.common.util.concurrent.AbstractRunnable.run(AbstractRunnable.java:37) [elasticsearch-5.6.3.jar:5.6.3]
	at java.util.concurrent.ThreadPoolExecutor.runWorker(ThreadPoolExecutor.java:1149) [?:1.8.0_151]
	at java.util.concurrent.ThreadPoolExecutor$Worker.run(ThreadPoolExecutor.java:624) [?:1.8.0_151]
	at java.lang.Thread.run(Thread.java:748) [?:1.8.0_151]
