2018.06.19 10:15:49 INFO  ce[][o.s.p.ProcessEntryPoint] Starting ce
2018.06.19 10:15:49 INFO  ce[][o.s.ce.app.CeServer] Compute Engine starting up...
2018.06.19 10:15:49 INFO  ce[][o.e.p.PluginsService] no modules loaded
2018.06.19 10:15:49 INFO  ce[][o.e.p.PluginsService] loaded plugin [org.elasticsearch.index.reindex.ReindexPlugin]
2018.06.19 10:15:49 INFO  ce[][o.e.p.PluginsService] loaded plugin [org.elasticsearch.join.ParentJoinPlugin]
2018.06.19 10:15:49 INFO  ce[][o.e.p.PluginsService] loaded plugin [org.elasticsearch.percolator.PercolatorPlugin]
2018.06.19 10:15:49 INFO  ce[][o.e.p.PluginsService] loaded plugin [org.elasticsearch.transport.Netty4Plugin]
2018.06.19 10:15:51 INFO  ce[][o.s.s.e.EsClientProvider] Connected to local Elasticsearch: [127.0.0.1:9001]
2018.06.19 10:15:51 INFO  ce[][o.sonar.db.Database] Create JDBC data source for jdbc:h2:tcp://127.0.0.1:9092/sonar
2018.06.19 10:15:51 WARN  ce[][o.s.d.DatabaseChecker] H2 database should be used for evaluation purpose only
2018.06.19 10:15:52 INFO  ce[][o.s.s.p.ServerFileSystemImpl] SonarQube home: /home/hideki/ES2JabRef/sonarqube-6.7.4
2018.06.19 10:15:52 INFO  ce[][o.s.c.c.CePluginRepository] Load plugins
2018.06.19 10:15:52 INFO  ce[][o.s.c.c.CePluginRepository] Loaded plugin SonarC# [csharp]
2018.06.19 10:15:52 INFO  ce[][o.s.c.c.CePluginRepository] Loaded plugin SonarPython [python]
2018.06.19 10:15:52 INFO  ce[][o.s.c.c.CePluginRepository] Loaded plugin SonarJava [java]
2018.06.19 10:15:52 INFO  ce[][o.s.c.c.CePluginRepository] Loaded plugin SonarXML [xml]
2018.06.19 10:15:52 INFO  ce[][o.s.c.c.CePluginRepository] Loaded plugin Flex [flex]
2018.06.19 10:15:52 INFO  ce[][o.s.c.c.CePluginRepository] Loaded plugin SonarQube :: Plugins :: SCM :: Git [scmgit]
2018.06.19 10:15:52 INFO  ce[][o.s.c.c.CePluginRepository] Loaded plugin SonarPHP [php]
2018.06.19 10:15:52 INFO  ce[][o.s.c.c.CePluginRepository] Loaded plugin SonarTS [typescript]
2018.06.19 10:15:52 INFO  ce[][o.s.c.c.CePluginRepository] Loaded plugin SonarQube :: Plugins :: SCM :: SVN [scmsvn]
2018.06.19 10:15:52 INFO  ce[][o.s.c.c.CePluginRepository] Loaded plugin SonarJS [javascript]
2018.06.19 10:15:53 INFO  ce[][o.s.c.q.PurgeCeActivities] Delete the Compute Engine tasks created before Thu Dec 21 10:15:53 BRST 2017
2018.06.19 10:15:53 INFO  ce[][o.s.c.q.PurgeCeActivities] Delete the Scanner contexts tasks created before Tue May 22 10:15:53 BRT 2018
2018.06.19 10:15:53 INFO  ce[][o.s.ce.app.CeServer] Compute Engine is operational
2018.06.19 10:20:20 INFO  ce[][o.s.p.StopWatcher] Stopping process
2018.06.19 10:20:20 INFO  ce[][o.s.ce.app.CeServer] Compute Engine is stopping...
2018.06.19 10:20:20 INFO  ce[][o.s.c.t.CeProcessingSchedulerImpl] Waiting for workers to finish in-progress tasks
2018.06.19 10:20:22 INFO  ce[][o.s.ce.app.CeServer] Compute Engine is stopped
2018.06.19 10:20:59 INFO  ce[][o.s.p.ProcessEntryPoint] Starting ce
2018.06.19 10:20:59 INFO  ce[][o.s.ce.app.CeServer] Compute Engine starting up...
2018.06.19 10:20:59 INFO  ce[][o.e.p.PluginsService] no modules loaded
2018.06.19 10:20:59 INFO  ce[][o.e.p.PluginsService] loaded plugin [org.elasticsearch.index.reindex.ReindexPlugin]
2018.06.19 10:20:59 INFO  ce[][o.e.p.PluginsService] loaded plugin [org.elasticsearch.join.ParentJoinPlugin]
2018.06.19 10:20:59 INFO  ce[][o.e.p.PluginsService] loaded plugin [org.elasticsearch.percolator.PercolatorPlugin]
2018.06.19 10:20:59 INFO  ce[][o.e.p.PluginsService] loaded plugin [org.elasticsearch.transport.Netty4Plugin]
2018.06.19 10:21:00 INFO  ce[][o.s.s.e.EsClientProvider] Connected to local Elasticsearch: [127.0.0.1:9001]
2018.06.19 10:21:00 INFO  ce[][o.sonar.db.Database] Create JDBC data source for jdbc:h2:tcp://127.0.0.1:9092/sonar
2018.06.19 10:21:00 WARN  ce[][o.s.d.DatabaseChecker] H2 database should be used for evaluation purpose only
2018.06.19 10:21:01 INFO  ce[][o.s.s.p.ServerFileSystemImpl] SonarQube home: /home/hideki/ES2JabRef/sonarqube-6.7.4
2018.06.19 10:21:01 INFO  ce[][o.s.c.c.CePluginRepository] Load plugins
2018.06.19 10:21:02 INFO  ce[][o.s.c.c.CePluginRepository] Loaded plugin SonarC# [csharp]
2018.06.19 10:21:02 INFO  ce[][o.s.c.c.CePluginRepository] Loaded plugin SonarPython [python]
2018.06.19 10:21:02 INFO  ce[][o.s.c.c.CePluginRepository] Loaded plugin SonarJava [java]
2018.06.19 10:21:02 INFO  ce[][o.s.c.c.CePluginRepository] Loaded plugin SonarXML [xml]
2018.06.19 10:21:02 INFO  ce[][o.s.c.c.CePluginRepository] Loaded plugin Flex [flex]
2018.06.19 10:21:02 INFO  ce[][o.s.c.c.CePluginRepository] Loaded plugin SonarQube :: Plugins :: SCM :: Git [scmgit]
2018.06.19 10:21:02 INFO  ce[][o.s.c.c.CePluginRepository] Loaded plugin SonarPHP [php]
2018.06.19 10:21:02 INFO  ce[][o.s.c.c.CePluginRepository] Loaded plugin SonarTS [typescript]
2018.06.19 10:21:02 INFO  ce[][o.s.c.c.CePluginRepository] Loaded plugin SonarQube :: Plugins :: SCM :: SVN [scmsvn]
2018.06.19 10:21:02 INFO  ce[][o.s.c.c.CePluginRepository] Loaded plugin SonarJS [javascript]
2018.06.19 10:21:02 INFO  ce[][o.s.c.q.PurgeCeActivities] Delete the Compute Engine tasks created before Thu Dec 21 10:21:02 BRST 2017
2018.06.19 10:21:02 INFO  ce[][o.s.c.q.PurgeCeActivities] Delete the Scanner contexts tasks created before Tue May 22 10:21:02 BRT 2018
2018.06.19 10:21:02 INFO  ce[][o.s.ce.app.CeServer] Compute Engine is operational
2018.06.19 10:30:27 INFO  ce[AWQYPUgB4boC__qpsXJp][o.s.c.t.CeWorkerImpl] Execute task | project=org.jabref:JabRef | type=REPORT | id=AWQYPUgB4boC__qpsXJp | submitter=admin
2018.06.19 10:31:04 INFO  ce[AWQYPUgB4boC__qpsXJp][o.s.c.t.CeWorkerImpl] Executed task | project=org.jabref:JabRef | type=REPORT | id=AWQYPUgB4boC__qpsXJp | submitter=admin | time=37038ms
2018.06.19 10:36:55 INFO  ce[AWQYQzFO4boC__qpsXJq][o.s.c.t.CeWorkerImpl] Execute task | project=org.jabref:JabRef | type=REPORT | id=AWQYQzFO4boC__qpsXJq
2018.06.19 10:37:38 INFO  ce[AWQYQzFO4boC__qpsXJq][o.s.c.t.CeWorkerImpl] Executed task | project=org.jabref:JabRef | type=REPORT | id=AWQYQzFO4boC__qpsXJq | time=43165ms
