2018.06.26 10:33:28 INFO  es[][o.e.n.Node] initializing ...
2018.06.26 10:33:28 INFO  es[][o.e.e.NodeEnvironment] using [1] data paths, mounts [[/ (/dev/sda5)]], net usable_space [84.7gb], net total_space [121.2gb], spins? [possibly], types [ext4]
2018.06.26 10:33:28 INFO  es[][o.e.e.NodeEnvironment] heap size [494.9mb], compressed ordinary object pointers [true]
2018.06.26 10:33:28 INFO  es[][o.e.n.Node] node name [sonarqube], node ID [b4xfFFo0RoyHEPyjkdq-4Q]
2018.06.26 10:33:28 INFO  es[][o.e.n.Node] version[5.6.3], pid[3785], build[1a2f265/2017-10-06T20:33:39.012Z], OS[Linux/4.15.0-23-generic/amd64], JVM[Oracle Corporation/Java HotSpot(TM) 64-Bit Server VM/1.8.0_171/25.171-b11]
2018.06.26 10:33:28 INFO  es[][o.e.n.Node] JVM arguments [-XX:+UseConcMarkSweepGC, -XX:CMSInitiatingOccupancyFraction=75, -XX:+UseCMSInitiatingOccupancyOnly, -XX:+AlwaysPreTouch, -Xss1m, -Djava.awt.headless=true, -Dfile.encoding=UTF-8, -Djna.nosys=true, -Djdk.io.permissionsUseCanonicalPath=true, -Dio.netty.noUnsafe=true, -Dio.netty.noKeySetOptimization=true, -Dio.netty.recycler.maxCapacityPerThread=0, -Dlog4j.shutdownHookEnabled=false, -Dlog4j2.disable.jmx=true, -Dlog4j.skipJansi=true, -Xms512m, -Xmx512m, -XX:+HeapDumpOnOutOfMemoryError, -Des.path.home=/home/hideki/ES2JabRef/sonarqube-6.7.4/elasticsearch]
2018.06.26 10:33:28 INFO  es[][o.e.p.PluginsService] loaded module [aggs-matrix-stats]
2018.06.26 10:33:28 INFO  es[][o.e.p.PluginsService] loaded module [ingest-common]
2018.06.26 10:33:28 INFO  es[][o.e.p.PluginsService] loaded module [parent-join]
2018.06.26 10:33:28 INFO  es[][o.e.p.PluginsService] loaded module [percolator]
2018.06.26 10:33:28 INFO  es[][o.e.p.PluginsService] loaded module [reindex]
2018.06.26 10:33:28 INFO  es[][o.e.p.PluginsService] loaded module [transport-netty4]
2018.06.26 10:33:28 INFO  es[][o.e.p.PluginsService] no plugins loaded
2018.06.26 10:33:30 INFO  es[][o.e.d.DiscoveryModule] using discovery type [zen]
2018.06.26 10:33:30 INFO  es[][o.e.n.Node] initialized
2018.06.26 10:33:30 INFO  es[][o.e.n.Node] starting ...
2018.06.26 10:33:30 INFO  es[][o.e.t.TransportService] publish_address {127.0.0.1:9001}, bound_addresses {127.0.0.1:9001}
2018.06.26 10:33:30 WARN  es[][o.e.b.BootstrapChecks] max file descriptors [4096] for elasticsearch process is too low, increase to at least [65536]
2018.06.26 10:33:30 WARN  es[][o.e.b.BootstrapChecks] max virtual memory areas vm.max_map_count [65530] is too low, increase to at least [262144]
2018.06.26 10:33:34 INFO  es[][o.e.c.s.ClusterService] new_master {sonarqube}{b4xfFFo0RoyHEPyjkdq-4Q}{I80TKGO2Tlayc9vTcN0RAg}{127.0.0.1}{127.0.0.1:9001}{rack_id=sonarqube}, reason: zen-disco-elected-as-master ([0] nodes joined)
2018.06.26 10:33:34 INFO  es[][o.e.n.Node] started
2018.06.26 10:33:34 INFO  es[][o.e.g.GatewayService] recovered [0] indices into cluster_state
2018.06.26 10:33:47 INFO  es[][o.e.c.m.MetaDataCreateIndexService] [metadatas] creating index, cause [api], templates [], shards [1]/[0], mappings []
2018.06.26 10:33:47 INFO  es[][o.e.c.r.a.AllocationService] Cluster health status changed from [YELLOW] to [GREEN] (reason: [shards started [[metadatas][0]] ...]).
2018.06.26 10:33:47 INFO  es[][o.e.c.m.MetaDataMappingService] [metadatas/g0B8GP-2Sgekj61ZMOY-fA] create_mapping [metadata]
2018.06.26 10:33:48 INFO  es[][o.e.c.m.MetaDataCreateIndexService] [components] creating index, cause [api], templates [], shards [5]/[0], mappings []
2018.06.26 10:33:49 INFO  es[][o.e.c.r.a.AllocationService] Cluster health status changed from [YELLOW] to [GREEN] (reason: [shards started [[components][4]] ...]).
2018.06.26 10:33:49 INFO  es[][o.e.c.m.MetaDataMappingService] [components/OSEbXXbJSWuRh1We-t7szw] create_mapping [component]
2018.06.26 10:33:49 INFO  es[][o.e.c.m.MetaDataMappingService] [components/OSEbXXbJSWuRh1We-t7szw] create_mapping [authorization]
2018.06.26 10:33:49 INFO  es[][o.e.c.m.MetaDataCreateIndexService] [tests] creating index, cause [api], templates [], shards [5]/[0], mappings []
2018.06.26 10:33:51 INFO  es[][o.e.c.r.a.AllocationService] Cluster health status changed from [YELLOW] to [GREEN] (reason: [shards started [[tests][4]] ...]).
2018.06.26 10:33:51 INFO  es[][o.e.c.m.MetaDataMappingService] [tests/po-Gx61NSWaeZtG9t_B-Hw] create_mapping [test]
2018.06.26 10:33:51 INFO  es[][o.e.c.m.MetaDataCreateIndexService] [projectmeasures] creating index, cause [api], templates [], shards [5]/[0], mappings []
2018.06.26 10:33:53 INFO  es[][o.e.c.r.a.AllocationService] Cluster health status changed from [YELLOW] to [GREEN] (reason: [shards started [[projectmeasures][4]] ...]).
2018.06.26 10:33:53 INFO  es[][o.e.c.m.MetaDataMappingService] [projectmeasures/UZ0LunUxT0mjFAX1UNT6pg] create_mapping [projectmeasure]
2018.06.26 10:33:53 INFO  es[][o.e.c.m.MetaDataMappingService] [projectmeasures/UZ0LunUxT0mjFAX1UNT6pg] create_mapping [authorization]
2018.06.26 10:33:54 INFO  es[][o.e.c.m.MetaDataCreateIndexService] [rules] creating index, cause [api], templates [], shards [2]/[0], mappings []
2018.06.26 10:33:54 INFO  es[][o.e.c.r.a.AllocationService] Cluster health status changed from [YELLOW] to [GREEN] (reason: [shards started [[rules][0]] ...]).
2018.06.26 10:33:54 INFO  es[][o.e.c.m.MetaDataMappingService] [rules/lCD9WVSrRoGMUtwJQITZIQ] create_mapping [activeRule]
2018.06.26 10:33:54 INFO  es[][o.e.c.m.MetaDataMappingService] [rules/lCD9WVSrRoGMUtwJQITZIQ] create_mapping [ruleExtension]
2018.06.26 10:33:54 INFO  es[][o.e.c.m.MetaDataMappingService] [rules/lCD9WVSrRoGMUtwJQITZIQ] create_mapping [rule]
2018.06.26 10:33:55 INFO  es[][o.e.c.m.MetaDataCreateIndexService] [issues] creating index, cause [api], templates [], shards [5]/[0], mappings []
2018.06.26 10:33:56 INFO  es[][o.e.c.r.a.AllocationService] Cluster health status changed from [YELLOW] to [GREEN] (reason: [shards started [[issues][4]] ...]).
2018.06.26 10:33:56 INFO  es[][o.e.c.m.MetaDataMappingService] [issues/sl_EgUWeTSSI6VJdexNmVg] create_mapping [issue]
2018.06.26 10:33:56 INFO  es[][o.e.c.m.MetaDataMappingService] [issues/sl_EgUWeTSSI6VJdexNmVg] create_mapping [authorization]
2018.06.26 10:33:57 INFO  es[][o.e.c.m.MetaDataCreateIndexService] [users] creating index, cause [api], templates [], shards [1]/[0], mappings []
2018.06.26 10:33:57 INFO  es[][o.e.c.r.a.AllocationService] Cluster health status changed from [YELLOW] to [GREEN] (reason: [shards started [[users][0]] ...]).
2018.06.26 10:33:57 INFO  es[][o.e.c.m.MetaDataMappingService] [users/KO22GYLBRXqQVh_m7bEXbw] create_mapping [user]
2018.06.26 10:33:57 INFO  es[][o.e.c.m.MetaDataCreateIndexService] [views] creating index, cause [api], templates [], shards [5]/[0], mappings []
2018.06.26 10:33:58 INFO  es[][o.e.c.r.a.AllocationService] Cluster health status changed from [YELLOW] to [GREEN] (reason: [shards started [[views][4]] ...]).
2018.06.26 10:33:58 INFO  es[][o.e.c.m.MetaDataMappingService] [views/u93HHV7XQHeLk3BvPX-NFg] create_mapping [view]
2018.06.26 10:34:16 INFO  es[][o.e.c.s.IndexScopedSettings] updating [index.refresh_interval] from [30s] to [-1]
2018.06.26 10:34:16 INFO  es[][o.e.c.s.IndexScopedSettings] updating [index.refresh_interval] from [30s] to [-1]
2018.06.26 10:34:17 INFO  es[][o.e.c.s.IndexScopedSettings] updating [index.refresh_interval] from [-1] to [30s]
2018.06.26 10:34:17 INFO  es[][o.e.c.s.IndexScopedSettings] updating [index.refresh_interval] from [-1] to [30s]
2018.06.26 10:34:17 INFO  es[][o.e.c.s.IndexScopedSettings] updating [index.refresh_interval] from [30s] to [-1]
2018.06.26 10:34:17 INFO  es[][o.e.c.s.IndexScopedSettings] updating [index.refresh_interval] from [30s] to [-1]
2018.06.26 10:34:18 INFO  es[][o.e.c.s.IndexScopedSettings] updating [index.refresh_interval] from [-1] to [30s]
2018.06.26 10:34:18 INFO  es[][o.e.c.s.IndexScopedSettings] updating [index.refresh_interval] from [-1] to [30s]
2018.06.26 10:41:43 INFO  es[][o.e.n.Node] stopping ...
2018.06.26 10:41:43 INFO  es[][o.e.n.Node] stopped
2018.06.26 10:41:43 INFO  es[][o.e.n.Node] closing ...
2018.06.26 10:41:43 INFO  es[][o.e.n.Node] closed
2018.06.26 10:46:42 INFO  es[][o.e.n.Node] initializing ...
2018.06.26 10:46:42 INFO  es[][o.e.e.NodeEnvironment] using [1] data paths, mounts [[/ (/dev/sda5)]], net usable_space [84.5gb], net total_space [121.2gb], spins? [possibly], types [ext4]
2018.06.26 10:46:42 INFO  es[][o.e.e.NodeEnvironment] heap size [494.9mb], compressed ordinary object pointers [true]
2018.06.26 10:46:42 INFO  es[][o.e.n.Node] node name [sonarqube], node ID [b4xfFFo0RoyHEPyjkdq-4Q]
2018.06.26 10:46:42 INFO  es[][o.e.n.Node] version[5.6.3], pid[5167], build[1a2f265/2017-10-06T20:33:39.012Z], OS[Linux/4.15.0-23-generic/amd64], JVM[Oracle Corporation/Java HotSpot(TM) 64-Bit Server VM/1.8.0_171/25.171-b11]
2018.06.26 10:46:42 INFO  es[][o.e.n.Node] JVM arguments [-XX:+UseConcMarkSweepGC, -XX:CMSInitiatingOccupancyFraction=75, -XX:+UseCMSInitiatingOccupancyOnly, -XX:+AlwaysPreTouch, -Xss1m, -Djava.awt.headless=true, -Dfile.encoding=UTF-8, -Djna.nosys=true, -Djdk.io.permissionsUseCanonicalPath=true, -Dio.netty.noUnsafe=true, -Dio.netty.noKeySetOptimization=true, -Dio.netty.recycler.maxCapacityPerThread=0, -Dlog4j.shutdownHookEnabled=false, -Dlog4j2.disable.jmx=true, -Dlog4j.skipJansi=true, -Xms512m, -Xmx512m, -XX:+HeapDumpOnOutOfMemoryError, -Des.path.home=/home/hideki/ES2JabRef/sonarqube-6.7.4/elasticsearch]
2018.06.26 10:46:43 INFO  es[][o.e.p.PluginsService] loaded module [aggs-matrix-stats]
2018.06.26 10:46:43 INFO  es[][o.e.p.PluginsService] loaded module [ingest-common]
2018.06.26 10:46:43 INFO  es[][o.e.p.PluginsService] loaded module [parent-join]
2018.06.26 10:46:43 INFO  es[][o.e.p.PluginsService] loaded module [percolator]
2018.06.26 10:46:43 INFO  es[][o.e.p.PluginsService] loaded module [reindex]
2018.06.26 10:46:43 INFO  es[][o.e.p.PluginsService] loaded module [transport-netty4]
2018.06.26 10:46:43 INFO  es[][o.e.p.PluginsService] no plugins loaded
2018.06.26 10:46:44 INFO  es[][o.e.d.DiscoveryModule] using discovery type [zen]
2018.06.26 10:46:44 INFO  es[][o.e.n.Node] initialized
2018.06.26 10:46:44 INFO  es[][o.e.n.Node] starting ...
2018.06.26 10:46:45 INFO  es[][o.e.t.TransportService] publish_address {127.0.0.1:9001}, bound_addresses {127.0.0.1:9001}
2018.06.26 10:46:45 WARN  es[][o.e.b.BootstrapChecks] max file descriptors [4096] for elasticsearch process is too low, increase to at least [65536]
2018.06.26 10:46:45 WARN  es[][o.e.b.BootstrapChecks] max virtual memory areas vm.max_map_count [65530] is too low, increase to at least [262144]
2018.06.26 10:46:48 INFO  es[][o.e.c.s.ClusterService] new_master {sonarqube}{b4xfFFo0RoyHEPyjkdq-4Q}{_Ive_cExTAGnfnhM5gLQcg}{127.0.0.1}{127.0.0.1:9001}{rack_id=sonarqube}, reason: zen-disco-elected-as-master ([0] nodes joined)
2018.06.26 10:46:48 INFO  es[][o.e.n.Node] started
2018.06.26 10:46:48 INFO  es[][o.e.g.GatewayService] recovered [8] indices into cluster_state
2018.06.26 10:46:54 INFO  es[][o.e.c.r.a.AllocationService] Cluster health status changed from [RED] to [GREEN] (reason: [shards started [[metadatas][0], [components][2]] ...]).
2018.06.26 11:26:00 INFO  es[][o.e.n.Node] stopping ...
2018.06.26 11:26:00 INFO  es[][o.e.n.Node] stopped
2018.06.26 11:26:00 INFO  es[][o.e.n.Node] closing ...
2018.06.26 11:26:00 INFO  es[][o.e.n.Node] closed
