--> Wrapper Started as Daemon
Launching a JVM...
Wrapper (Version 3.2.3) http://wrapper.tanukisoftware.org
  Copyright 1999-2006 Tanuki Software, Inc.  All Rights Reserved.

2018.06.26 10:33:26 INFO  app[][o.s.a.AppFileSystem] Cleaning or creating temp directory /home/hideki/ES2JabRef/sonarqube-6.7.4/temp
2018.06.26 10:33:26 INFO  app[][o.s.a.es.EsSettings] Elasticsearch listening on /127.0.0.1:9001
2018.06.26 10:33:26 INFO  app[][o.s.a.p.ProcessLauncherImpl] Launch process[[key='es', ipcIndex=1, logFilenamePrefix=es]] from [/home/hideki/ES2JabRef/sonarqube-6.7.4/elasticsearch]: /home/hideki/ES2JabRef/sonarqube-6.7.4/elasticsearch/bin/elasticsearch -Epath.conf=/home/hideki/ES2JabRef/sonarqube-6.7.4/temp/conf/es
2018.06.26 10:33:26 INFO  app[][o.s.a.SchedulerImpl] Waiting for Elasticsearch to be up and running
2018.06.26 10:33:27 INFO  app[][o.e.p.PluginsService] no modules loaded
2018.06.26 10:33:27 INFO  app[][o.e.p.PluginsService] loaded plugin [org.elasticsearch.transport.Netty4Plugin]
2018.06.26 10:33:34 INFO  app[][o.s.a.SchedulerImpl] Process[es] is up
2018.06.26 10:33:34 INFO  app[][o.s.a.p.ProcessLauncherImpl] Launch process[[key='web', ipcIndex=2, logFilenamePrefix=web]] from [/home/hideki/ES2JabRef/sonarqube-6.7.4]: /usr/lib/jvm/java-8-oracle/jre/bin/java -Djava.awt.headless=true -Dfile.encoding=UTF-8 -Djava.io.tmpdir=/home/hideki/ES2JabRef/sonarqube-6.7.4/temp -Xmx512m -Xms128m -XX:+HeapDumpOnOutOfMemoryError -cp ./lib/common/*:./lib/server/*:/home/hideki/ES2JabRef/sonarqube-6.7.4/lib/jdbc/h2/h2-1.3.176.jar org.sonar.server.app.WebServer /home/hideki/ES2JabRef/sonarqube-6.7.4/temp/sq-process7900959613663429807properties
2018.06.26 10:34:21 INFO  app[][o.s.a.SchedulerImpl] Process[web] is up
2018.06.26 10:34:21 INFO  app[][o.s.a.p.ProcessLauncherImpl] Launch process[[key='ce', ipcIndex=3, logFilenamePrefix=ce]] from [/home/hideki/ES2JabRef/sonarqube-6.7.4]: /usr/lib/jvm/java-8-oracle/jre/bin/java -Djava.awt.headless=true -Dfile.encoding=UTF-8 -Djava.io.tmpdir=/home/hideki/ES2JabRef/sonarqube-6.7.4/temp -Xmx512m -Xms128m -XX:+HeapDumpOnOutOfMemoryError -cp ./lib/common/*:./lib/server/*:./lib/ce/*:/home/hideki/ES2JabRef/sonarqube-6.7.4/lib/jdbc/h2/h2-1.3.176.jar org.sonar.ce.app.CeServer /home/hideki/ES2JabRef/sonarqube-6.7.4/temp/sq-process883327681349244216properties
2018.06.26 10:34:25 INFO  app[][o.s.a.SchedulerImpl] Process[ce] is up
2018.06.26 10:34:25 INFO  app[][o.s.a.SchedulerImpl] SonarQube is up
TERM trapped.  Shutting down.
2018.06.26 10:41:35 INFO  app[][o.s.a.SchedulerImpl] Stopping SonarQube
2018.06.26 10:41:38 INFO  app[][o.s.a.SchedulerImpl] Process [ce] is stopped
2018.06.26 10:41:43 INFO  app[][o.s.a.SchedulerImpl] Process [web] is stopped
2018.06.26 10:41:43 INFO  app[][o.s.a.SchedulerImpl] Process [es] is stopped
2018.06.26 10:41:43 WARN  app[][o.s.a.p.AbstractProcessMonitor] Process exited with exit value [es]: 143
2018.06.26 10:41:43 INFO  app[][o.s.a.SchedulerImpl] SonarQube is stopped
<-- Wrapper Stopped
--> Wrapper Started as Daemon
Launching a JVM...
Wrapper (Version 3.2.3) http://wrapper.tanukisoftware.org
  Copyright 1999-2006 Tanuki Software, Inc.  All Rights Reserved.

2018.06.26 10:46:41 INFO  app[][o.s.a.AppFileSystem] Cleaning or creating temp directory /home/hideki/ES2JabRef/sonarqube-6.7.4/temp
2018.06.26 10:46:41 INFO  app[][o.s.a.es.EsSettings] Elasticsearch listening on /127.0.0.1:9001
2018.06.26 10:46:41 INFO  app[][o.s.a.p.ProcessLauncherImpl] Launch process[[key='es', ipcIndex=1, logFilenamePrefix=es]] from [/home/hideki/ES2JabRef/sonarqube-6.7.4/elasticsearch]: /home/hideki/ES2JabRef/sonarqube-6.7.4/elasticsearch/bin/elasticsearch -Epath.conf=/home/hideki/ES2JabRef/sonarqube-6.7.4/temp/conf/es
2018.06.26 10:46:41 INFO  app[][o.s.a.SchedulerImpl] Waiting for Elasticsearch to be up and running
2018.06.26 10:46:41 INFO  app[][o.e.p.PluginsService] no modules loaded
2018.06.26 10:46:41 INFO  app[][o.e.p.PluginsService] loaded plugin [org.elasticsearch.transport.Netty4Plugin]
2018.06.26 10:46:55 INFO  app[][o.s.a.SchedulerImpl] Process[es] is up
2018.06.26 10:46:55 INFO  app[][o.s.a.p.ProcessLauncherImpl] Launch process[[key='web', ipcIndex=2, logFilenamePrefix=web]] from [/home/hideki/ES2JabRef/sonarqube-6.7.4]: /usr/lib/jvm/java-8-oracle/jre/bin/java -Djava.awt.headless=true -Dfile.encoding=UTF-8 -Djava.io.tmpdir=/home/hideki/ES2JabRef/sonarqube-6.7.4/temp -Xmx512m -Xms128m -XX:+HeapDumpOnOutOfMemoryError -cp ./lib/common/*:./lib/server/*:/home/hideki/ES2JabRef/sonarqube-6.7.4/lib/jdbc/h2/h2-1.3.176.jar org.sonar.server.app.WebServer /home/hideki/ES2JabRef/sonarqube-6.7.4/temp/sq-process4237651783694166070properties
2018.06.26 10:47:08 INFO  app[][o.s.a.SchedulerImpl] Process[web] is up
2018.06.26 10:47:08 INFO  app[][o.s.a.p.ProcessLauncherImpl] Launch process[[key='ce', ipcIndex=3, logFilenamePrefix=ce]] from [/home/hideki/ES2JabRef/sonarqube-6.7.4]: /usr/lib/jvm/java-8-oracle/jre/bin/java -Djava.awt.headless=true -Dfile.encoding=UTF-8 -Djava.io.tmpdir=/home/hideki/ES2JabRef/sonarqube-6.7.4/temp -Xmx512m -Xms128m -XX:+HeapDumpOnOutOfMemoryError -cp ./lib/common/*:./lib/server/*:./lib/ce/*:/home/hideki/ES2JabRef/sonarqube-6.7.4/lib/jdbc/h2/h2-1.3.176.jar org.sonar.ce.app.CeServer /home/hideki/ES2JabRef/sonarqube-6.7.4/temp/sq-process8560527009577963992properties
2018.06.26 10:47:12 INFO  app[][o.s.a.SchedulerImpl] Process[ce] is up
2018.06.26 10:47:12 INFO  app[][o.s.a.SchedulerImpl] SonarQube is up
TERM trapped.  Shutting down.
2018.06.26 11:25:52 INFO  app[][o.s.a.SchedulerImpl] Stopping SonarQube
2018.06.26 11:25:55 INFO  app[][o.s.a.SchedulerImpl] Process [ce] is stopped
2018.06.26 11:26:00 INFO  app[][o.s.a.SchedulerImpl] Process [web] is stopped
2018.06.26 11:26:00 INFO  app[][o.s.a.SchedulerImpl] Process [es] is stopped
2018.06.26 11:26:00 WARN  app[][o.s.a.p.AbstractProcessMonitor] Process exited with exit value [es]: 143
2018.06.26 11:26:00 INFO  app[][o.s.a.SchedulerImpl] SonarQube is stopped
<-- Wrapper Stopped
